Image Size: (256, 256)
Batch Size: 16
LR: 0.0001
Epochs: 500
Early Stopping Patience: 50
Use GIN: False
GIN p: 0.0

Dataset Size:
Train: 2046 - Valid: 255 - Test: 257
/home/ubuntu/Desktop/licenta_elvis/repo_github/model/FocusNet.py:211: FutureWarning: You are using `torch.load` with `weights_only=False` (the current default value), which uses the default pickle module implicitly. It is possible to construct malicious pickle data which will execute arbitrary code during unpickling (See https://github.com/pytorch/pytorch/blob/main/SECURITY.md#untrusted-models for more details). In a future release, the default value for `weights_only` will be flipped to `True`. This limits the functions that could be executed during unpickling. Arbitrary objects will no longer be allowed to be loaded via this mode unless they are explicitly allowlisted by the user via `torch.serialization.add_safe_globals`. We recommend you start setting `weights_only=True` for any use case where you don't have full control of the loaded file. Please open an issue on GitHub for any issues related to this experimental feature.
  save_model = torch.load(path)

train model: FocusNet
/home/ubuntu/Desktop/licenta_elvis/repo_github/.venv/lib/python3.8/site-packages/torch/optim/lr_scheduler.py:60: UserWarning: The verbose parameter is deprecated. Please use get_last_lr() to access the learning rate.
  warnings.warn(
Optimizer: Adam
Loss: BCE Dice Loss

Valid F1 improved from 0.0000 to 0.8377. Saving checkpoint: files/center_wise/FocusNet/checkpoint.pth
Epoch: 01 | Epoch Time: 100m 39s
	Train Loss: 5.5652 - Jaccard: 0.4880 - F1: 0.6118 - Recall: 0.8540 - Precision: 0.5498
	 Val. Loss: 4.2433 - Jaccard: 0.7363 - F1: 0.8377 - Recall: 0.9363 - Precision: 0.7859

Valid F1 improved from 0.8377 to 0.8718. Saving checkpoint: files/center_wise/FocusNet/checkpoint.pth
Epoch: 02 | Epoch Time: 103m 0s
	Train Loss: 4.5196 - Jaccard: 0.6609 - F1: 0.7707 - Recall: 0.9106 - Precision: 0.7130
	 Val. Loss: 3.6914 - Jaccard: 0.7847 - F1: 0.8718 - Recall: 0.9576 - Precision: 0.8139

Epoch: 03 | Epoch Time: 95m 25s
	Train Loss: 4.0181 - Jaccard: 0.7108 - F1: 0.8100 - Recall: 0.9178 - Precision: 0.7599
	 Val. Loss: 3.7583 - Jaccard: 0.7523 - F1: 0.8489 - Recall: 0.9824 - Precision: 0.7637

Valid F1 improved from 0.8718 to 0.8959. Saving checkpoint: files/center_wise/FocusNet/checkpoint.pth
Epoch: 04 | Epoch Time: 96m 30s
	Train Loss: 3.5066 - Jaccard: 0.7520 - F1: 0.8407 - Recall: 0.9255 - Precision: 0.7989
	 Val. Loss: 3.0305 - Jaccard: 0.8264 - F1: 0.8959 - Recall: 0.9368 - Precision: 0.8737

Epoch: 05 | Epoch Time: 91m 22s
	Train Loss: 3.2645 - Jaccard: 0.7625 - F1: 0.8472 - Recall: 0.9246 - Precision: 0.8165
	 Val. Loss: 2.9335 - Jaccard: 0.7996 - F1: 0.8749 - Recall: 0.9133 - Precision: 0.8662

Epoch: 06 | Epoch Time: 89m 1s
	Train Loss: 2.9489 - Jaccard: 0.7793 - F1: 0.8600 - Recall: 0.9263 - Precision: 0.8278
	 Val. Loss: 2.7426 - Jaccard: 0.7992 - F1: 0.8704 - Recall: 0.8744 - Precision: 0.9167
