Image Size: (256, 256)
Batch Size: 16
LR: 0.0001
Epochs: 500
Early Stopping Patience: 50
Use FreqAmpMix: True
FAM p: 0.5
FAM alpha: 0.2

Dataset Size:
Train: 2046 - Valid: 255 - Test: 257
/home/ubuntu/Desktop/licenta_elvis/FocusNet/model/FocusNet.py:190: FutureWarning: You are using `torch.load` with `weights_only=False` (the current default value), which uses the default pickle module implicitly. It is possible to construct malicious pickle data which will execute arbitrary code during unpickling (See https://github.com/pytorch/pytorch/blob/main/SECURITY.md#untrusted-models for more details). In a future release, the default value for `weights_only` will be flipped to `True`. This limits the functions that could be executed during unpickling. Arbitrary objects will no longer be allowed to be loaded via this mode unless they are explicitly allowlisted by the user via `torch.serialization.add_safe_globals`. We recommend you start setting `weights_only=True` for any use case where you don't have full control of the loaded file. Please open an issue on GitHub for any issues related to this experimental feature.
  save_model = torch.load(path)

train model: FocusNet
/home/ubuntu/anaconda3/envs/FocusNet/lib/python3.8/site-packages/torch/optim/lr_scheduler.py:60: UserWarning: The verbose parameter is deprecated. Please use get_last_lr() to access the learning rate.
  warnings.warn(
Optimizer: Adam
Loss: BCE Dice Loss

Valid F1 improved from 0.0000 to 0.8308. Saving checkpoint: files/center_wise/FocusNet/checkpoint.pth
Epoch: 01 | Epoch Time: 2m 2s
	Train Loss: 5.4384 - Jaccard: 0.4850 - F1: 0.6112 - Recall: 0.8634 - Precision: 0.5392
	 Val. Loss: 4.2640 - Jaccard: 0.7316 - F1: 0.8308 - Recall: 0.9047 - Precision: 0.8134

Epoch: 02 | Epoch Time: 2m 4s
	Train Loss: 4.4712 - Jaccard: 0.6537 - F1: 0.7656 - Recall: 0.9102 - Precision: 0.7075
	 Val. Loss: 4.2010 - Jaccard: 0.6847 - F1: 0.7957 - Recall: 0.9821 - Precision: 0.6984

Valid F1 improved from 0.8308 to 0.8694. Saving checkpoint: files/center_wise/FocusNet/checkpoint.pth
Epoch: 03 | Epoch Time: 1m 57s
	Train Loss: 4.0165 - Jaccard: 0.6992 - F1: 0.7983 - Recall: 0.9085 - Precision: 0.7544
	 Val. Loss: 3.3638 - Jaccard: 0.7844 - F1: 0.8694 - Recall: 0.9772 - Precision: 0.8007

Valid F1 improved from 0.8694 to 0.8835. Saving checkpoint: files/center_wise/FocusNet/checkpoint.pth
Epoch: 04 | Epoch Time: 2m 2s
	Train Loss: 3.6289 - Jaccard: 0.7302 - F1: 0.8231 - Recall: 0.9135 - Precision: 0.7860
	 Val. Loss: 3.0762 - Jaccard: 0.8038 - F1: 0.8835 - Recall: 0.9713 - Precision: 0.8257

Valid F1 improved from 0.8835 to 0.8909. Saving checkpoint: files/center_wise/FocusNet/checkpoint.pth
Epoch: 05 | Epoch Time: 2m 19s
	Train Loss: 3.2629 - Jaccard: 0.7570 - F1: 0.8443 - Recall: 0.9234 - Precision: 0.8084
	 Val. Loss: 2.6583 - Jaccard: 0.8130 - F1: 0.8909 - Recall: 0.9686 - Precision: 0.8382

Valid F1 improved from 0.8909 to 0.8919. Saving checkpoint: files/center_wise/FocusNet/checkpoint.pth
Epoch: 06 | Epoch Time: 2m 4s
	Train Loss: 2.9261 - Jaccard: 0.7710 - F1: 0.8519 - Recall: 0.9160 - Precision: 0.8299
	 Val. Loss: 2.4693 - Jaccard: 0.8146 - F1: 0.8919 - Recall: 0.9590 - Precision: 0.8486

Valid F1 improved from 0.8919 to 0.9070. Saving checkpoint: files/center_wise/FocusNet/checkpoint.pth
Epoch: 07 | Epoch Time: 2m 6s
	Train Loss: 2.8936 - Jaccard: 0.7670 - F1: 0.8481 - Recall: 0.9090 - Precision: 0.8320
	 Val. Loss: 2.2692 - Jaccard: 0.8414 - F1: 0.9070 - Recall: 0.9515 - Precision: 0.8824

Valid F1 improved from 0.9070 to 0.9171. Saving checkpoint: files/center_wise/FocusNet/checkpoint.pth
Epoch: 08 | Epoch Time: 2m 10s
	Train Loss: 2.3843 - Jaccard: 0.8007 - F1: 0.8755 - Recall: 0.9224 - Precision: 0.8577
	 Val. Loss: 1.9635 - Jaccard: 0.8563 - F1: 0.9171 - Recall: 0.9538 - Precision: 0.8966

Epoch: 09 | Epoch Time: 2m 4s
	Train Loss: 2.2049 - Jaccard: 0.8013 - F1: 0.8749 - Recall: 0.9157 - Precision: 0.8660
	 Val. Loss: 2.2368 - Jaccard: 0.8380 - F1: 0.9064 - Recall: 0.9767 - Precision: 0.8568

Epoch: 10 | Epoch Time: 2m 8s
	Train Loss: 2.1595 - Jaccard: 0.7959 - F1: 0.8689 - Recall: 0.9029 - Precision: 0.8695
	 Val. Loss: 1.9084 - Jaccard: 0.8254 - F1: 0.8944 - Recall: 0.9484 - Precision: 0.8709

Valid F1 improved from 0.9171 to 0.9213. Saving checkpoint: files/center_wise/FocusNet/checkpoint.pth
Epoch: 11 | Epoch Time: 2m 9s
	Train Loss: 1.9027 - Jaccard: 0.8087 - F1: 0.8791 - Recall: 0.9082 - Precision: 0.8810
	 Val. Loss: 1.4135 - Jaccard: 0.8655 - F1: 0.9213 - Recall: 0.9249 - Precision: 0.9358

Valid F1 improved from 0.9213 to 0.9325. Saving checkpoint: files/center_wise/FocusNet/checkpoint.pth
Epoch: 12 | Epoch Time: 2m 29s
	Train Loss: 1.6202 - Jaccard: 0.8263 - F1: 0.8924 - Recall: 0.9172 - Precision: 0.8929
	 Val. Loss: 1.3512 - Jaccard: 0.8790 - F1: 0.9325 - Recall: 0.9469 - Precision: 0.9271

Epoch: 13 | Epoch Time: 2m 33s
	Train Loss: 1.5253 - Jaccard: 0.8265 - F1: 0.8912 - Recall: 0.9102 - Precision: 0.8998
	 Val. Loss: 1.2856 - Jaccard: 0.8732 - F1: 0.9271 - Recall: 0.9460 - Precision: 0.9218

Valid F1 improved from 0.9325 to 0.9336. Saving checkpoint: files/center_wise/FocusNet/checkpoint.pth
Epoch: 14 | Epoch Time: 2m 32s
	Train Loss: 1.3150 - Jaccard: 0.8390 - F1: 0.9001 - Recall: 0.9134 - Precision: 0.9102
	 Val. Loss: 1.2344 - Jaccard: 0.8827 - F1: 0.9336 - Recall: 0.9577 - Precision: 0.9209

Epoch: 15 | Epoch Time: 2m 36s
	Train Loss: 1.2320 - Jaccard: 0.8492 - F1: 0.9084 - Recall: 0.9191 - Precision: 0.9156
	 Val. Loss: 1.1777 - Jaccard: 0.8666 - F1: 0.9195 - Recall: 0.9434 - Precision: 0.9187

Epoch: 16 | Epoch Time: 2m 36s
	Train Loss: 1.2770 - Jaccard: 0.8370 - F1: 0.8978 - Recall: 0.9099 - Precision: 0.9126
	 Val. Loss: 1.0163 - Jaccard: 0.8683 - F1: 0.9234 - Recall: 0.9264 - Precision: 0.9368

Epoch: 17 | Epoch Time: 2m 38s
	Train Loss: 1.2490 - Jaccard: 0.8323 - F1: 0.8938 - Recall: 0.9019 - Precision: 0.9120
	 Val. Loss: 1.0262 - Jaccard: 0.8753 - F1: 0.9261 - Recall: 0.9267 - Precision: 0.9385

Epoch: 18 | Epoch Time: 2m 38s
	Train Loss: 1.1888 - Jaccard: 0.8408 - F1: 0.9011 - Recall: 0.9087 - Precision: 0.9147
	 Val. Loss: 1.3048 - Jaccard: 0.8837 - F1: 0.9335 - Recall: 0.9566 - Precision: 0.9223

Epoch: 19 | Epoch Time: 2m 39s
	Train Loss: 1.2229 - Jaccard: 0.8275 - F1: 0.8923 - Recall: 0.9019 - Precision: 0.9108
	 Val. Loss: 1.1586 - Jaccard: 0.8748 - F1: 0.9265 - Recall: 0.9194 - Precision: 0.9466

Epoch: 20 | Epoch Time: 2m 36s
	Train Loss: 0.9533 - Jaccard: 0.8550 - F1: 0.9130 - Recall: 0.9158 - Precision: 0.9278
	 Val. Loss: 1.1947 - Jaccard: 0.8810 - F1: 0.9304 - Recall: 0.9295 - Precision: 0.9475

Valid F1 improved from 0.9336 to 0.9368. Saving checkpoint: files/center_wise/FocusNet/checkpoint.pth
Epoch: 21 | Epoch Time: 2m 39s
	Train Loss: 0.9166 - Jaccard: 0.8588 - F1: 0.9154 - Recall: 0.9178 - Precision: 0.9267
	 Val. Loss: 1.0008 - Jaccard: 0.8892 - F1: 0.9368 - Recall: 0.9548 - Precision: 0.9301

Valid F1 improved from 0.9368 to 0.9398. Saving checkpoint: files/center_wise/FocusNet/checkpoint.pth
Epoch: 22 | Epoch Time: 2m 35s
	Train Loss: 0.8221 - Jaccard: 0.8613 - F1: 0.9153 - Recall: 0.9159 - Precision: 0.9299
	 Val. Loss: 0.8656 - Jaccard: 0.8933 - F1: 0.9398 - Recall: 0.9527 - Precision: 0.9365

Epoch: 23 | Epoch Time: 2m 41s
	Train Loss: 0.7740 - Jaccard: 0.8718 - F1: 0.9242 - Recall: 0.9248 - Precision: 0.9367
	 Val. Loss: 1.2068 - Jaccard: 0.8892 - F1: 0.9363 - Recall: 0.9529 - Precision: 0.9320

Epoch: 24 | Epoch Time: 2m 39s
	Train Loss: 0.7774 - Jaccard: 0.8694 - F1: 0.9217 - Recall: 0.9238 - Precision: 0.9361
	 Val. Loss: 0.7880 - Jaccard: 0.8914 - F1: 0.9385 - Recall: 0.9302 - Precision: 0.9574

Epoch: 25 | Epoch Time: 2m 55s
	Train Loss: 0.7138 - Jaccard: 0.8740 - F1: 0.9252 - Recall: 0.9237 - Precision: 0.9386
	 Val. Loss: 1.0469 - Jaccard: 0.8887 - F1: 0.9363 - Recall: 0.9640 - Precision: 0.9217

Valid F1 improved from 0.9398 to 0.9464. Saving checkpoint: files/center_wise/FocusNet/checkpoint.pth
Epoch: 26 | Epoch Time: 2m 41s
	Train Loss: 0.6724 - Jaccard: 0.8802 - F1: 0.9303 - Recall: 0.9296 - Precision: 0.9414
	 Val. Loss: 0.7218 - Jaccard: 0.9029 - F1: 0.9464 - Recall: 0.9514 - Precision: 0.9485

Epoch: 27 | Epoch Time: 2m 49s
	Train Loss: 1.1334 - Jaccard: 0.8369 - F1: 0.8966 - Recall: 0.9022 - Precision: 0.9201
	 Val. Loss: 1.0923 - Jaccard: 0.8752 - F1: 0.9282 - Recall: 0.9314 - Precision: 0.9385

Epoch: 28 | Epoch Time: 2m 52s
	Train Loss: 0.8821 - Jaccard: 0.8521 - F1: 0.9104 - Recall: 0.9112 - Precision: 0.9266
	 Val. Loss: 0.7572 - Jaccard: 0.8827 - F1: 0.9337 - Recall: 0.9278 - Precision: 0.9507

Epoch: 29 | Epoch Time: 2m 37s
	Train Loss: 0.8106 - Jaccard: 0.8579 - F1: 0.9126 - Recall: 0.9132 - Precision: 0.9299
	 Val. Loss: 0.7365 - Jaccard: 0.8896 - F1: 0.9382 - Recall: 0.9184 - Precision: 0.9682

Epoch: 30 | Epoch Time: 2m 44s
	Train Loss: 0.6779 - Jaccard: 0.8695 - F1: 0.9217 - Recall: 0.9188 - Precision: 0.9379
	 Val. Loss: 0.7478 - Jaccard: 0.8968 - F1: 0.9414 - Recall: 0.9407 - Precision: 0.9525

Epoch: 31 | Epoch Time: 2m 34s
	Train Loss: 0.6530 - Jaccard: 0.8751 - F1: 0.9256 - Recall: 0.9242 - Precision: 0.9394
	 Val. Loss: 0.7429 - Jaccard: 0.8918 - F1: 0.9386 - Recall: 0.9389 - Precision: 0.9486

Epoch: 32 | Epoch Time: 2m 34s
	Train Loss: 0.6579 - Jaccard: 0.8779 - F1: 0.9286 - Recall: 0.9267 - Precision: 0.9422
	 Val. Loss: 0.7167 - Jaccard: 0.8970 - F1: 0.9415 - Recall: 0.9363 - Precision: 0.9571

Epoch: 33 | Epoch Time: 2m 40s
	Train Loss: 0.5957 - Jaccard: 0.8835 - F1: 0.9320 - Recall: 0.9300 - Precision: 0.9441
	 Val. Loss: 0.6624 - Jaccard: 0.8988 - F1: 0.9424 - Recall: 0.9413 - Precision: 0.9547

Epoch: 34 | Epoch Time: 2m 34s
	Train Loss: 0.5581 - Jaccard: 0.8888 - F1: 0.9348 - Recall: 0.9329 - Precision: 0.9451
	 Val. Loss: 0.7714 - Jaccard: 0.9024 - F1: 0.9454 - Recall: 0.9538 - Precision: 0.9450

Epoch: 35 | Epoch Time: 2m 35s
	Train Loss: 0.5576 - Jaccard: 0.8896 - F1: 0.9353 - Recall: 0.9330 - Precision: 0.9497
	 Val. Loss: 0.6445 - Jaccard: 0.9008 - F1: 0.9446 - Recall: 0.9372 - Precision: 0.9602

Epoch: 36 | Epoch Time: 2m 44s
	Train Loss: 0.5565 - Jaccard: 0.8907 - F1: 0.9365 - Recall: 0.9332 - Precision: 0.9474
	 Val. Loss: 0.7011 - Jaccard: 0.8943 - F1: 0.9384 - Recall: 0.9475 - Precision: 0.9427

Epoch: 37 | Epoch Time: 2m 43s
	Train Loss: 0.7839 - Jaccard: 0.8658 - F1: 0.9178 - Recall: 0.9180 - Precision: 0.9369
	 Val. Loss: 0.7679 - Jaccard: 0.8715 - F1: 0.9242 - Recall: 0.9072 - Precision: 0.9604

Epoch: 38 | Epoch Time: 2m 40s
	Train Loss: 0.8924 - Jaccard: 0.8423 - F1: 0.8998 - Recall: 0.9034 - Precision: 0.9253
	 Val. Loss: 0.7919 - Jaccard: 0.8886 - F1: 0.9374 - Recall: 0.9681 - Precision: 0.9154

Epoch: 39 | Epoch Time: 2m 43s
	Train Loss: 0.6914 - Jaccard: 0.8706 - F1: 0.9219 - Recall: 0.9204 - Precision: 0.9389
	 Val. Loss: 0.6700 - Jaccard: 0.9005 - F1: 0.9435 - Recall: 0.9430 - Precision: 0.9544

Epoch: 40 | Epoch Time: 2m 36s
	Train Loss: 0.5683 - Jaccard: 0.8840 - F1: 0.9315 - Recall: 0.9304 - Precision: 0.9438
	 Val. Loss: 0.6660 - Jaccard: 0.8975 - F1: 0.9426 - Recall: 0.9347 - Precision: 0.9597

Epoch: 41 | Epoch Time: 2m 44s
	Train Loss: 0.5454 - Jaccard: 0.8876 - F1: 0.9352 - Recall: 0.9324 - Precision: 0.9469
	 Val. Loss: 0.8511 - Jaccard: 0.8908 - F1: 0.9368 - Recall: 0.9317 - Precision: 0.9555

Epoch: 42 | Epoch Time: 2m 43s
	Train Loss: 0.5379 - Jaccard: 0.8910 - F1: 0.9364 - Recall: 0.9341 - Precision: 0.9490
	 Val. Loss: 0.7365 - Jaccard: 0.8974 - F1: 0.9417 - Recall: 0.9338 - Precision: 0.9603

Epoch: 43 | Epoch Time: 2m 42s
	Train Loss: 0.5204 - Jaccard: 0.8973 - F1: 0.9411 - Recall: 0.9382 - Precision: 0.9518
	 Val. Loss: 0.7061 - Jaccard: 0.8981 - F1: 0.9416 - Recall: 0.9366 - Precision: 0.9573

Valid F1 improved from 0.9464 to 0.9480. Saving checkpoint: files/center_wise/FocusNet/checkpoint.pth
Epoch: 44 | Epoch Time: 2m 40s
	Train Loss: 0.5182 - Jaccard: 0.8966 - F1: 0.9402 - Recall: 0.9376 - Precision: 0.9518
	 Val. Loss: 0.6384 - Jaccard: 0.9056 - F1: 0.9480 - Recall: 0.9404 - Precision: 0.9617

Valid F1 improved from 0.9480 to 0.9484. Saving checkpoint: files/center_wise/FocusNet/checkpoint.pth
Epoch: 45 | Epoch Time: 2m 41s
	Train Loss: 0.4863 - Jaccard: 0.9000 - F1: 0.9428 - Recall: 0.9394 - Precision: 0.9533
	 Val. Loss: 0.6364 - Jaccard: 0.9059 - F1: 0.9484 - Recall: 0.9412 - Precision: 0.9616

Epoch: 46 | Epoch Time: 2m 33s
	Train Loss: 0.4966 - Jaccard: 0.8992 - F1: 0.9422 - Recall: 0.9401 - Precision: 0.9520
	 Val. Loss: 0.6462 - Jaccard: 0.9036 - F1: 0.9466 - Recall: 0.9393 - Precision: 0.9610

Epoch: 47 | Epoch Time: 2m 32s
	Train Loss: 0.4962 - Jaccard: 0.8982 - F1: 0.9414 - Recall: 0.9394 - Precision: 0.9521
	 Val. Loss: 0.6448 - Jaccard: 0.9050 - F1: 0.9472 - Recall: 0.9411 - Precision: 0.9611

Valid F1 improved from 0.9484 to 0.9502. Saving checkpoint: files/center_wise/FocusNet/checkpoint.pth
Epoch: 48 | Epoch Time: 2m 41s
	Train Loss: 0.4708 - Jaccard: 0.9013 - F1: 0.9435 - Recall: 0.9411 - Precision: 0.9533
	 Val. Loss: 0.6348 - Jaccard: 0.9087 - F1: 0.9502 - Recall: 0.9451 - Precision: 0.9610

Valid F1 improved from 0.9502 to 0.9504. Saving checkpoint: files/center_wise/FocusNet/checkpoint.pth
Epoch: 49 | Epoch Time: 2m 38s
	Train Loss: 0.4808 - Jaccard: 0.9005 - F1: 0.9427 - Recall: 0.9392 - Precision: 0.9538
	 Val. Loss: 0.6219 - Jaccard: 0.9089 - F1: 0.9504 - Recall: 0.9477 - Precision: 0.9586

Epoch: 50 | Epoch Time: 2m 38s
	Train Loss: 0.4721 - Jaccard: 0.9027 - F1: 0.9450 - Recall: 0.9433 - Precision: 0.9530
	 Val. Loss: 0.6310 - Jaccard: 0.9071 - F1: 0.9492 - Recall: 0.9431 - Precision: 0.9615

Epoch: 51 | Epoch Time: 2m 41s
	Train Loss: 0.4660 - Jaccard: 0.9019 - F1: 0.9435 - Recall: 0.9402 - Precision: 0.9541
	 Val. Loss: 0.6417 - Jaccard: 0.9074 - F1: 0.9493 - Recall: 0.9442 - Precision: 0.9605

Epoch: 52 | Epoch Time: 2m 41s
	Train Loss: 0.4761 - Jaccard: 0.9024 - F1: 0.9448 - Recall: 0.9427 - Precision: 0.9536
	 Val. Loss: 0.6266 - Jaccard: 0.9074 - F1: 0.9496 - Recall: 0.9448 - Precision: 0.9600

Valid F1 improved from 0.9504 to 0.9506. Saving checkpoint: files/center_wise/FocusNet/checkpoint.pth
Epoch: 53 | Epoch Time: 2m 50s
	Train Loss: 0.4581 - Jaccard: 0.9034 - F1: 0.9452 - Recall: 0.9427 - Precision: 0.9552
	 Val. Loss: 0.6312 - Jaccard: 0.9090 - F1: 0.9506 - Recall: 0.9457 - Precision: 0.9607

Valid F1 improved from 0.9506 to 0.9506. Saving checkpoint: files/center_wise/FocusNet/checkpoint.pth
Epoch: 54 | Epoch Time: 2m 41s
	Train Loss: 0.4694 - Jaccard: 0.9028 - F1: 0.9444 - Recall: 0.9413 - Precision: 0.9544
	 Val. Loss: 0.6117 - Jaccard: 0.9090 - F1: 0.9506 - Recall: 0.9439 - Precision: 0.9625

Epoch: 55 | Epoch Time: 2m 41s
	Train Loss: 0.4700 - Jaccard: 0.9041 - F1: 0.9454 - Recall: 0.9429 - Precision: 0.9545
	 Val. Loss: 0.6144 - Jaccard: 0.9079 - F1: 0.9499 - Recall: 0.9411 - Precision: 0.9643

Valid F1 improved from 0.9506 to 0.9513. Saving checkpoint: files/center_wise/FocusNet/checkpoint.pth
Epoch: 56 | Epoch Time: 2m 42s
	Train Loss: 0.4550 - Jaccard: 0.9053 - F1: 0.9466 - Recall: 0.9431 - Precision: 0.9563
	 Val. Loss: 0.6130 - Jaccard: 0.9102 - F1: 0.9513 - Recall: 0.9443 - Precision: 0.9633

Epoch: 57 | Epoch Time: 2m 39s
	Train Loss: 0.4531 - Jaccard: 0.9040 - F1: 0.9448 - Recall: 0.9425 - Precision: 0.9562
	 Val. Loss: 0.6442 - Jaccard: 0.9075 - F1: 0.9494 - Recall: 0.9423 - Precision: 0.9627

Epoch: 58 | Epoch Time: 2m 39s
	Train Loss: 0.4550 - Jaccard: 0.9062 - F1: 0.9471 - Recall: 0.9454 - Precision: 0.9543
	 Val. Loss: 0.6306 - Jaccard: 0.9078 - F1: 0.9497 - Recall: 0.9433 - Precision: 0.9620

Valid F1 improved from 0.9513 to 0.9522. Saving checkpoint: files/center_wise/FocusNet/checkpoint.pth
Epoch: 59 | Epoch Time: 2m 47s
	Train Loss: 0.4587 - Jaccard: 0.9048 - F1: 0.9461 - Recall: 0.9433 - Precision: 0.9558
	 Val. Loss: 0.6735 - Jaccard: 0.9111 - F1: 0.9522 - Recall: 0.9455 - Precision: 0.9632

Epoch: 60 | Epoch Time: 2m 35s
	Train Loss: 0.4534 - Jaccard: 0.9056 - F1: 0.9464 - Recall: 0.9436 - Precision: 0.9556
	 Val. Loss: 0.6721 - Jaccard: 0.9096 - F1: 0.9509 - Recall: 0.9464 - Precision: 0.9608

Epoch: 61 | Epoch Time: 2m 35s
	Train Loss: 0.4469 - Jaccard: 0.9069 - F1: 0.9475 - Recall: 0.9457 - Precision: 0.9554
	 Val. Loss: 0.6797 - Jaccard: 0.9101 - F1: 0.9512 - Recall: 0.9474 - Precision: 0.9603

Epoch: 62 | Epoch Time: 2m 32s
	Train Loss: 0.4518 - Jaccard: 0.9060 - F1: 0.9468 - Recall: 0.9440 - Precision: 0.9558
	 Val. Loss: 0.6482 - Jaccard: 0.9096 - F1: 0.9508 - Recall: 0.9447 - Precision: 0.9624

Epoch: 63 | Epoch Time: 2m 34s
	Train Loss: 0.4508 - Jaccard: 0.9069 - F1: 0.9475 - Recall: 0.9447 - Precision: 0.9565
	 Val. Loss: 0.6554 - Jaccard: 0.9098 - F1: 0.9510 - Recall: 0.9455 - Precision: 0.9618

Epoch: 64 | Epoch Time: 2m 40s
	Train Loss: 0.4558 - Jaccard: 0.9061 - F1: 0.9470 - Recall: 0.9443 - Precision: 0.9559
	 Val. Loss: 0.6679 - Jaccard: 0.9093 - F1: 0.9507 - Recall: 0.9448 - Precision: 0.9621

Epoch: 65 | Epoch Time: 2m 36s
	Train Loss: 0.4448 - Jaccard: 0.9077 - F1: 0.9483 - Recall: 0.9454 - Precision: 0.9571
	 Val. Loss: 0.6534 - Jaccard: 0.9099 - F1: 0.9510 - Recall: 0.9458 - Precision: 0.9616

Epoch: 66 | Epoch Time: 2m 46s
	Train Loss: 0.4566 - Jaccard: 0.9066 - F1: 0.9474 - Recall: 0.9445 - Precision: 0.9560
	 Val. Loss: 0.6588 - Jaccard: 0.9112 - F1: 0.9518 - Recall: 0.9492 - Precision: 0.9595

Epoch: 67 | Epoch Time: 2m 40s
	Train Loss: 0.4523 - Jaccard: 0.9075 - F1: 0.9480 - Recall: 0.9457 - Precision: 0.9567
	 Val. Loss: 0.6491 - Jaccard: 0.9099 - F1: 0.9511 - Recall: 0.9458 - Precision: 0.9617

Epoch: 68 | Epoch Time: 2m 40s
	Train Loss: 0.4582 - Jaccard: 0.9062 - F1: 0.9470 - Recall: 0.9450 - Precision: 0.9554
	 Val. Loss: 0.6654 - Jaccard: 0.9113 - F1: 0.9519 - Recall: 0.9496 - Precision: 0.9593

Epoch: 69 | Epoch Time: 2m 46s
	Train Loss: 0.4474 - Jaccard: 0.9074 - F1: 0.9478 - Recall: 0.9456 - Precision: 0.9558
	 Val. Loss: 0.6670 - Jaccard: 0.9103 - F1: 0.9513 - Recall: 0.9463 - Precision: 0.9616

Epoch: 70 | Epoch Time: 2m 45s
	Train Loss: 0.4515 - Jaccard: 0.9067 - F1: 0.9475 - Recall: 0.9453 - Precision: 0.9552
	 Val. Loss: 0.6517 - Jaccard: 0.9102 - F1: 0.9512 - Recall: 0.9454 - Precision: 0.9623

Epoch: 71 | Epoch Time: 2m 43s
	Train Loss: 0.4510 - Jaccard: 0.9075 - F1: 0.9482 - Recall: 0.9444 - Precision: 0.9565
	 Val. Loss: 0.6712 - Jaccard: 0.9108 - F1: 0.9516 - Recall: 0.9482 - Precision: 0.9602

Epoch: 72 | Epoch Time: 2m 33s
	Train Loss: 0.4446 - Jaccard: 0.9060 - F1: 0.9469 - Recall: 0.9439 - Precision: 0.9561
	 Val. Loss: 0.6601 - Jaccard: 0.9105 - F1: 0.9514 - Recall: 0.9467 - Precision: 0.9613

Epoch: 73 | Epoch Time: 2m 42s
	Train Loss: 0.4495 - Jaccard: 0.9086 - F1: 0.9487 - Recall: 0.9451 - Precision: 0.9581
	 Val. Loss: 0.6570 - Jaccard: 0.9108 - F1: 0.9516 - Recall: 0.9473 - Precision: 0.9610

Epoch: 74 | Epoch Time: 2m 38s
	Train Loss: 0.4478 - Jaccard: 0.9055 - F1: 0.9460 - Recall: 0.9431 - Precision: 0.9557
	 Val. Loss: 0.6665 - Jaccard: 0.9106 - F1: 0.9515 - Recall: 0.9472 - Precision: 0.9609

Epoch: 75 | Epoch Time: 2m 49s
	Train Loss: 0.4456 - Jaccard: 0.9073 - F1: 0.9475 - Recall: 0.9443 - Precision: 0.9571
	 Val. Loss: 0.6588 - Jaccard: 0.9106 - F1: 0.9514 - Recall: 0.9467 - Precision: 0.9614

Epoch: 76 | Epoch Time: 2m 36s
	Train Loss: 0.4571 - Jaccard: 0.9069 - F1: 0.9475 - Recall: 0.9438 - Precision: 0.9584
	 Val. Loss: 0.6587 - Jaccard: 0.9106 - F1: 0.9514 - Recall: 0.9467 - Precision: 0.9614

Epoch: 77 | Epoch Time: 2m 47s
	Train Loss: 0.4445 - Jaccard: 0.9077 - F1: 0.9480 - Recall: 0.9453 - Precision: 0.9571
	 Val. Loss: 0.6614 - Jaccard: 0.9111 - F1: 0.9518 - Recall: 0.9485 - Precision: 0.9602

Epoch: 78 | Epoch Time: 2m 47s
	Train Loss: 0.4512 - Jaccard: 0.9073 - F1: 0.9478 - Recall: 0.9460 - Precision: 0.9553
	 Val. Loss: 0.6659 - Jaccard: 0.9107 - F1: 0.9515 - Recall: 0.9476 - Precision: 0.9607

Epoch: 79 | Epoch Time: 2m 34s
	Train Loss: 0.4446 - Jaccard: 0.9062 - F1: 0.9465 - Recall: 0.9438 - Precision: 0.9568
	 Val. Loss: 0.6569 - Jaccard: 0.9105 - F1: 0.9514 - Recall: 0.9464 - Precision: 0.9616

Epoch: 80 | Epoch Time: 2m 32s
	Train Loss: 0.4439 - Jaccard: 0.9065 - F1: 0.9465 - Recall: 0.9451 - Precision: 0.9557
	 Val. Loss: 0.6649 - Jaccard: 0.9108 - F1: 0.9516 - Recall: 0.9475 - Precision: 0.9608

Epoch: 81 | Epoch Time: 2m 38s
	Train Loss: 0.4561 - Jaccard: 0.9054 - F1: 0.9461 - Recall: 0.9443 - Precision: 0.9545
	 Val. Loss: 0.6595 - Jaccard: 0.9106 - F1: 0.9514 - Recall: 0.9470 - Precision: 0.9611

Epoch: 82 | Epoch Time: 2m 38s
	Train Loss: 0.4538 - Jaccard: 0.9057 - F1: 0.9468 - Recall: 0.9432 - Precision: 0.9570
	 Val. Loss: 0.6640 - Jaccard: 0.9108 - F1: 0.9516 - Recall: 0.9477 - Precision: 0.9606

Epoch: 83 | Epoch Time: 2m 46s
	Train Loss: 0.4500 - Jaccard: 0.9075 - F1: 0.9477 - Recall: 0.9449 - Precision: 0.9568
	 Val. Loss: 0.6695 - Jaccard: 0.9107 - F1: 0.9515 - Recall: 0.9479 - Precision: 0.9604

Epoch: 84 | Epoch Time: 2m 43s
	Train Loss: 0.4624 - Jaccard: 0.9085 - F1: 0.9486 - Recall: 0.9460 - Precision: 0.9575
	 Val. Loss: 0.6546 - Jaccard: 0.9105 - F1: 0.9514 - Recall: 0.9469 - Precision: 0.9612

Epoch: 85 | Epoch Time: 2m 44s
	Train Loss: 0.4656 - Jaccard: 0.9067 - F1: 0.9475 - Recall: 0.9436 - Precision: 0.9579
	 Val. Loss: 0.6749 - Jaccard: 0.9106 - F1: 0.9515 - Recall: 0.9478 - Precision: 0.9603

Epoch: 86 | Epoch Time: 2m 43s
	Train Loss: 0.4518 - Jaccard: 0.9071 - F1: 0.9472 - Recall: 0.9445 - Precision: 0.9580
	 Val. Loss: 0.6519 - Jaccard: 0.9103 - F1: 0.9512 - Recall: 0.9457 - Precision: 0.9622

Epoch: 87 | Epoch Time: 2m 44s
	Train Loss: 0.4483 - Jaccard: 0.9069 - F1: 0.9475 - Recall: 0.9449 - Precision: 0.9557
	 Val. Loss: 0.6775 - Jaccard: 0.9108 - F1: 0.9516 - Recall: 0.9481 - Precision: 0.9602

Epoch: 88 | Epoch Time: 2m 47s
	Train Loss: 0.4432 - Jaccard: 0.9083 - F1: 0.9484 - Recall: 0.9469 - Precision: 0.9568
	 Val. Loss: 0.6752 - Jaccard: 0.9109 - F1: 0.9516 - Recall: 0.9486 - Precision: 0.9598

Epoch: 89 | Epoch Time: 2m 35s
	Train Loss: 0.4487 - Jaccard: 0.9079 - F1: 0.9477 - Recall: 0.9463 - Precision: 0.9554
	 Val. Loss: 0.6572 - Jaccard: 0.9105 - F1: 0.9514 - Recall: 0.9474 - Precision: 0.9607

Epoch: 90 | Epoch Time: 2m 47s
	Train Loss: 0.4448 - Jaccard: 0.9060 - F1: 0.9462 - Recall: 0.9429 - Precision: 0.9570
	 Val. Loss: 0.6708 - Jaccard: 0.9104 - F1: 0.9513 - Recall: 0.9468 - Precision: 0.9611

Epoch: 91 | Epoch Time: 2m 41s
	Train Loss: 0.4544 - Jaccard: 0.9086 - F1: 0.9485 - Recall: 0.9469 - Precision: 0.9556
	 Val. Loss: 0.6698 - Jaccard: 0.9107 - F1: 0.9515 - Recall: 0.9473 - Precision: 0.9609

Epoch: 92 | Epoch Time: 2m 42s
	Train Loss: 0.4556 - Jaccard: 0.9043 - F1: 0.9448 - Recall: 0.9434 - Precision: 0.9543
	 Val. Loss: 0.6630 - Jaccard: 0.9109 - F1: 0.9516 - Recall: 0.9475 - Precision: 0.9609

Epoch: 93 | Epoch Time: 2m 38s
	Train Loss: 0.4487 - Jaccard: 0.9060 - F1: 0.9462 - Recall: 0.9434 - Precision: 0.9570
	 Val. Loss: 0.6627 - Jaccard: 0.9105 - F1: 0.9514 - Recall: 0.9466 - Precision: 0.9615

Epoch: 94 | Epoch Time: 2m 41s
	Train Loss: 0.4521 - Jaccard: 0.9070 - F1: 0.9474 - Recall: 0.9456 - Precision: 0.9545
	 Val. Loss: 0.6557 - Jaccard: 0.9106 - F1: 0.9514 - Recall: 0.9468 - Precision: 0.9613

Epoch: 95 | Epoch Time: 2m 33s
	Train Loss: 0.4539 - Jaccard: 0.9063 - F1: 0.9471 - Recall: 0.9450 - Precision: 0.9556
	 Val. Loss: 0.6598 - Jaccard: 0.9107 - F1: 0.9515 - Recall: 0.9476 - Precision: 0.9606

Epoch: 96 | Epoch Time: 2m 48s
	Train Loss: 0.4541 - Jaccard: 0.9066 - F1: 0.9475 - Recall: 0.9445 - Precision: 0.9564
	 Val. Loss: 0.6629 - Jaccard: 0.9106 - F1: 0.9514 - Recall: 0.9470 - Precision: 0.9611

Epoch: 97 | Epoch Time: 2m 38s
	Train Loss: 0.4473 - Jaccard: 0.9059 - F1: 0.9464 - Recall: 0.9438 - Precision: 0.9569
	 Val. Loss: 0.6623 - Jaccard: 0.9106 - F1: 0.9514 - Recall: 0.9466 - Precision: 0.9615

Epoch: 98 | Epoch Time: 2m 38s
	Train Loss: 0.4543 - Jaccard: 0.9054 - F1: 0.9459 - Recall: 0.9428 - Precision: 0.9546
	 Val. Loss: 0.6557 - Jaccard: 0.9104 - F1: 0.9513 - Recall: 0.9461 - Precision: 0.9618

Epoch: 99 | Epoch Time: 2m 44s
	Train Loss: 0.4431 - Jaccard: 0.9078 - F1: 0.9485 - Recall: 0.9457 - Precision: 0.9562
	 Val. Loss: 0.6556 - Jaccard: 0.9105 - F1: 0.9513 - Recall: 0.9467 - Precision: 0.9613

Epoch: 100 | Epoch Time: 2m 41s
	Train Loss: 0.4423 - Jaccard: 0.9080 - F1: 0.9479 - Recall: 0.9450 - Precision: 0.9562
	 Val. Loss: 0.6461 - Jaccard: 0.9101 - F1: 0.9511 - Recall: 0.9454 - Precision: 0.9622

Epoch: 101 | Epoch Time: 2m 35s
	Train Loss: 0.4505 - Jaccard: 0.9070 - F1: 0.9476 - Recall: 0.9449 - Precision: 0.9572
	 Val. Loss: 0.6481 - Jaccard: 0.9102 - F1: 0.9512 - Recall: 0.9461 - Precision: 0.9616

Epoch: 102 | Epoch Time: 2m 42s
	Train Loss: 0.4459 - Jaccard: 0.9056 - F1: 0.9455 - Recall: 0.9430 - Precision: 0.9566
	 Val. Loss: 0.6489 - Jaccard: 0.9100 - F1: 0.9511 - Recall: 0.9452 - Precision: 0.9624

Epoch: 103 | Epoch Time: 2m 46s
	Train Loss: 0.4584 - Jaccard: 0.9077 - F1: 0.9480 - Recall: 0.9460 - Precision: 0.9564
	 Val. Loss: 0.6785 - Jaccard: 0.9107 - F1: 0.9515 - Recall: 0.9481 - Precision: 0.9601

Epoch: 104 | Epoch Time: 2m 35s
	Train Loss: 0.4502 - Jaccard: 0.9073 - F1: 0.9480 - Recall: 0.9455 - Precision: 0.9565
	 Val. Loss: 0.6533 - Jaccard: 0.9102 - F1: 0.9512 - Recall: 0.9455 - Precision: 0.9622

Epoch: 105 | Epoch Time: 2m 49s
	Train Loss: 0.4463 - Jaccard: 0.9072 - F1: 0.9474 - Recall: 0.9446 - Precision: 0.9568
	 Val. Loss: 0.6533 - Jaccard: 0.9105 - F1: 0.9514 - Recall: 0.9465 - Precision: 0.9615

Epoch: 106 | Epoch Time: 2m 44s
	Train Loss: 0.4470 - Jaccard: 0.9070 - F1: 0.9479 - Recall: 0.9452 - Precision: 0.9559
	 Val. Loss: 0.6589 - Jaccard: 0.9105 - F1: 0.9514 - Recall: 0.9469 - Precision: 0.9612

Epoch: 107 | Epoch Time: 2m 45s
	Train Loss: 0.4568 - Jaccard: 0.9047 - F1: 0.9457 - Recall: 0.9434 - Precision: 0.9549
	 Val. Loss: 0.6601 - Jaccard: 0.9105 - F1: 0.9514 - Recall: 0.9465 - Precision: 0.9615

Epoch: 108 | Epoch Time: 2m 46s
	Train Loss: 0.4465 - Jaccard: 0.9063 - F1: 0.9469 - Recall: 0.9444 - Precision: 0.9564
	 Val. Loss: 0.6646 - Jaccard: 0.9106 - F1: 0.9515 - Recall: 0.9469 - Precision: 0.9612

Epoch: 109 | Epoch Time: 2m 55s
	Train Loss: 0.4526 - Jaccard: 0.9071 - F1: 0.9470 - Recall: 0.9445 - Precision: 0.9558
	 Val. Loss: 0.6732 - Jaccard: 0.9106 - F1: 0.9514 - Recall: 0.9477 - Precision: 0.9604

Early stopping: validation loss stops improving from last 50 continously.
