2026-04-08 00:18:58,553 INFO    MainThread:562152 [wandb_setup.py:_flush():81] Current SDK version is 0.24.2
2026-04-08 00:18:58,553 INFO    MainThread:562152 [wandb_setup.py:_flush():81] Configure stats pid to 562152
2026-04-08 00:18:58,553 INFO    MainThread:562152 [wandb_setup.py:_flush():81] Loading settings from environment variables
2026-04-08 00:18:58,553 INFO    MainThread:562152 [wandb_init.py:setup_run_log_directory():717] Logging user logs to /home/ubuntu/Desktop/licenta_elvis/FocusNet/wandb/run-20260408_001858-cnukj8vq/logs/debug.log
2026-04-08 00:18:58,553 INFO    MainThread:562152 [wandb_init.py:setup_run_log_directory():718] Logging internal logs to /home/ubuntu/Desktop/licenta_elvis/FocusNet/wandb/run-20260408_001858-cnukj8vq/logs/debug-internal.log
2026-04-08 00:18:58,553 INFO    MainThread:562152 [wandb_init.py:init():844] calling init triggers
2026-04-08 00:18:58,553 INFO    MainThread:562152 [wandb_init.py:init():849] wandb.init called with sweep_config: {}
config: {'model': 'FocusNet', 'variant': 'DGFR+BandHead+GIN', 'setting': 'modality_wise', 'image_size': 256, 'batch_size': 16, 'epochs': 500, 'lr': 0.0001, 'early_stopping_patience': 50, 'train_path': 'data/PolypDB/PolypDB_modality_wise/WLI', 'use_gin': True, 'gin_p': 0.5, '_wandb': {}}
2026-04-08 00:18:58,553 INFO    MainThread:562152 [wandb_init.py:init():892] starting backend
2026-04-08 00:18:58,810 INFO    MainThread:562152 [wandb_init.py:init():895] sending inform_init request
2026-04-08 00:18:58,826 INFO    MainThread:562152 [wandb_init.py:init():903] backend started and connected
2026-04-08 00:18:58,831 INFO    MainThread:562152 [wandb_init.py:init():973] updated telemetry
2026-04-08 00:18:58,852 INFO    MainThread:562152 [wandb_init.py:init():997] communicating run to backend with 90.0 second timeout
2026-04-08 00:18:59,587 INFO    MainThread:562152 [wandb_init.py:init():1042] starting run threads in backend
2026-04-08 00:18:59,636 INFO    MainThread:562152 [wandb_run.py:_console_start():2529] atexit reg
2026-04-08 00:18:59,637 INFO    MainThread:562152 [wandb_run.py:_redirect():2377] redirect: wrap_raw
2026-04-08 00:18:59,637 INFO    MainThread:562152 [wandb_run.py:_redirect():2446] Wrapping output streams.
2026-04-08 00:18:59,637 INFO    MainThread:562152 [wandb_run.py:_redirect():2469] Redirects installed.
2026-04-08 00:18:59,639 INFO    MainThread:562152 [wandb_init.py:init():1082] run started, returning control to user process
2026-04-08 01:59:33,096 INFO    MainThread:562152 [wandb_run.py:_finish():2295] finishing run elvis89b-facultatea-de-automatic-i-calculatoare/polyp-segmentation-focusnet/cnukj8vq
2026-04-08 01:59:33,097 INFO    MainThread:562152 [wandb_run.py:_atexit_cleanup():2494] got exitcode: 0
2026-04-08 01:59:33,097 INFO    MainThread:562152 [wandb_run.py:_restore():2476] restore
2026-04-08 01:59:33,097 INFO    MainThread:562152 [wandb_run.py:_restore():2482] restore done
2026-04-08 01:59:34,925 INFO    MainThread:562152 [wandb_run.py:_footer_sync_info():3871] logging synced files
