2026-04-10 00:09:16,775 INFO    MainThread:8439 [wandb_setup.py:_flush():79] Current SDK version is 0.18.7
2026-04-10 00:09:16,775 INFO    MainThread:8439 [wandb_setup.py:_flush():79] Configure stats pid to 8439
2026-04-10 00:09:16,775 INFO    MainThread:8439 [wandb_setup.py:_flush():79] Loading settings from /home/ubuntu/.config/wandb/settings
2026-04-10 00:09:16,775 INFO    MainThread:8439 [wandb_setup.py:_flush():79] Loading settings from /home/ubuntu/Desktop/licenta_elvis/repo_github/wandb/settings
2026-04-10 00:09:16,775 INFO    MainThread:8439 [wandb_setup.py:_flush():79] Loading settings from environment variables: {}
2026-04-10 00:09:16,775 INFO    MainThread:8439 [wandb_setup.py:_flush():79] Applying setup settings: {'mode': None, '_disable_service': None}
2026-04-10 00:09:16,775 INFO    MainThread:8439 [wandb_setup.py:_flush():79] Inferring run settings from compute environment: {'program_relpath': 'train_center_wise.py', 'program_abspath': '/home/ubuntu/Desktop/licenta_elvis/repo_github/train_center_wise.py', 'program': 'train_center_wise.py'}
2026-04-10 00:09:16,775 INFO    MainThread:8439 [wandb_setup.py:_flush():79] Applying login settings: {}
2026-04-10 00:09:16,775 INFO    MainThread:8439 [wandb_init.py:_log_setup():533] Logging user logs to /home/ubuntu/Desktop/licenta_elvis/repo_github/wandb/run-20260410_000916-ywefz5og/logs/debug.log
2026-04-10 00:09:16,775 INFO    MainThread:8439 [wandb_init.py:_log_setup():534] Logging internal logs to /home/ubuntu/Desktop/licenta_elvis/repo_github/wandb/run-20260410_000916-ywefz5og/logs/debug-internal.log
2026-04-10 00:09:16,775 INFO    MainThread:8439 [wandb_init.py:init():619] calling init triggers
2026-04-10 00:09:16,775 INFO    MainThread:8439 [wandb_init.py:init():626] wandb.init called with sweep_config: {}
config: {'model': 'FocusNet', 'variant': 'DGFR+BandHead+FreqAmpMix+FocalTverskyFinal', 'setting': 'center_wise', 'image_size': 256, 'batch_size': 16, 'epochs': 500, 'lr': 0.0001, 'early_stopping_patience': 50, 'train_path': 'data/PolypDB/PolypDB_center_wise/Simula/WLI', 'use_gin': False, 'gin_p': 0.0}
2026-04-10 00:09:16,775 INFO    MainThread:8439 [wandb_init.py:init():669] starting backend
2026-04-10 00:09:16,775 INFO    MainThread:8439 [wandb_init.py:init():673] sending inform_init request
2026-04-10 00:09:16,776 INFO    MainThread:8439 [backend.py:_multiprocessing_setup():104] multiprocessing start_methods=fork,spawn,forkserver, using: spawn
2026-04-10 00:09:16,777 INFO    MainThread:8439 [wandb_init.py:init():686] backend started and connected
2026-04-10 00:09:16,781 INFO    MainThread:8439 [wandb_init.py:init():781] updated telemetry
2026-04-10 00:09:16,825 INFO    MainThread:8439 [wandb_init.py:init():814] communicating run to backend with 90.0 second timeout
2026-04-10 00:09:17,387 INFO    MainThread:8439 [wandb_init.py:init():867] starting run threads in backend
2026-04-10 00:09:17,445 INFO    MainThread:8439 [wandb_run.py:_console_start():2456] atexit reg
2026-04-10 00:09:17,445 INFO    MainThread:8439 [wandb_run.py:_redirect():2305] redirect: wrap_raw
2026-04-10 00:09:17,446 INFO    MainThread:8439 [wandb_run.py:_redirect():2370] Wrapping output streams.
2026-04-10 00:09:17,446 INFO    MainThread:8439 [wandb_run.py:_redirect():2395] Redirects installed.
2026-04-10 00:09:17,449 INFO    MainThread:8439 [wandb_init.py:init():911] run started, returning control to user process
