Image Size: (256, 256)
Batch Size: 16
LR: 0.0001
Epochs: 500
Early Stopping Patience: 50
Use GIN: True
GIN p: 0.5

Dataset Size:
Train: 2870 - Valid: 358 - Test: 360
/home/ubuntu/Desktop/licenta_elvis/FocusNet/model/FocusNet.py:190: FutureWarning: You are using `torch.load` with `weights_only=False` (the current default value), which uses the default pickle module implicitly. It is possible to construct malicious pickle data which will execute arbitrary code during unpickling (See https://github.com/pytorch/pytorch/blob/main/SECURITY.md#untrusted-models for more details). In a future release, the default value for `weights_only` will be flipped to `True`. This limits the functions that could be executed during unpickling. Arbitrary objects will no longer be allowed to be loaded via this mode unless they are explicitly allowlisted by the user via `torch.serialization.add_safe_globals`. We recommend you start setting `weights_only=True` for any use case where you don't have full control of the loaded file. Please open an issue on GitHub for any issues related to this experimental feature.
  save_model = torch.load(path)

train model: FocusNet
/home/ubuntu/anaconda3/envs/FocusNet/lib/python3.8/site-packages/torch/optim/lr_scheduler.py:60: UserWarning: The verbose parameter is deprecated. Please use get_last_lr() to access the learning rate.
  warnings.warn(
Optimizer: Adam
Loss: BCE Dice Loss

Valid F1 improved from 0.0000 to 0.8055. Saving checkpoint: files/modality_wise/FocusNet/checkpoint.pth
Epoch: 01 | Epoch Time: 1m 13s
	Train Loss: 5.4413 - Jaccard: 0.5200 - F1: 0.6441 - Recall: 0.8824 - Precision: 0.5674
	 Val. Loss: 4.4243 - Jaccard: 0.6932 - F1: 0.8055 - Recall: 0.9620 - Precision: 0.7214

Valid F1 improved from 0.8055 to 0.8418. Saving checkpoint: files/modality_wise/FocusNet/checkpoint.pth
Epoch: 02 | Epoch Time: 1m 11s
	Train Loss: 4.4643 - Jaccard: 0.6826 - F1: 0.7870 - Recall: 0.9189 - Precision: 0.7307
	 Val. Loss: 3.8158 - Jaccard: 0.7480 - F1: 0.8418 - Recall: 0.9739 - Precision: 0.7670

Valid F1 improved from 0.8418 to 0.8895. Saving checkpoint: files/modality_wise/FocusNet/checkpoint.pth
Epoch: 03 | Epoch Time: 1m 11s
	Train Loss: 3.9203 - Jaccard: 0.7242 - F1: 0.8199 - Recall: 0.9222 - Precision: 0.7737
	 Val. Loss: 3.2743 - Jaccard: 0.8161 - F1: 0.8895 - Recall: 0.9478 - Precision: 0.8621

Valid F1 improved from 0.8895 to 0.9047. Saving checkpoint: files/modality_wise/FocusNet/checkpoint.pth
Epoch: 04 | Epoch Time: 1m 10s
	Train Loss: 3.4094 - Jaccard: 0.7601 - F1: 0.8471 - Recall: 0.9268 - Precision: 0.8074
	 Val. Loss: 2.8691 - Jaccard: 0.8383 - F1: 0.9047 - Recall: 0.9293 - Precision: 0.8972

Epoch: 05 | Epoch Time: 1m 10s
	Train Loss: 3.1676 - Jaccard: 0.7679 - F1: 0.8503 - Recall: 0.9186 - Precision: 0.8231
	 Val. Loss: 2.8708 - Jaccard: 0.8124 - F1: 0.8832 - Recall: 0.9346 - Precision: 0.8671

Valid F1 improved from 0.9047 to 0.9189. Saving checkpoint: files/modality_wise/FocusNet/checkpoint.pth
Epoch: 06 | Epoch Time: 1m 11s
	Train Loss: 2.8791 - Jaccard: 0.7802 - F1: 0.8575 - Recall: 0.9109 - Precision: 0.8446
	 Val. Loss: 2.2131 - Jaccard: 0.8578 - F1: 0.9189 - Recall: 0.9436 - Precision: 0.9079

Epoch: 07 | Epoch Time: 1m 10s
	Train Loss: 2.4053 - Jaccard: 0.8056 - F1: 0.8773 - Recall: 0.9174 - Precision: 0.8650
	 Val. Loss: 1.9801 - Jaccard: 0.8548 - F1: 0.9156 - Recall: 0.9505 - Precision: 0.8954

Epoch: 08 | Epoch Time: 1m 9s
	Train Loss: 1.9049 - Jaccard: 0.8213 - F1: 0.8883 - Recall: 0.9184 - Precision: 0.8834
	 Val. Loss: 1.7378 - Jaccard: 0.8613 - F1: 0.9164 - Recall: 0.9321 - Precision: 0.9226

Epoch: 09 | Epoch Time: 1m 10s
	Train Loss: 1.8194 - Jaccard: 0.8274 - F1: 0.8935 - Recall: 0.9181 - Precision: 0.8920
	 Val. Loss: 2.5784 - Jaccard: 0.7491 - F1: 0.8202 - Recall: 0.7828 - Precision: 0.9421

Epoch: 10 | Epoch Time: 1m 10s
	Train Loss: 1.6808 - Jaccard: 0.8101 - F1: 0.8774 - Recall: 0.8988 - Precision: 0.8900
	 Val. Loss: 1.6368 - Jaccard: 0.8343 - F1: 0.8981 - Recall: 0.9274 - Precision: 0.8967

Valid F1 improved from 0.9189 to 0.9260. Saving checkpoint: files/modality_wise/FocusNet/checkpoint.pth
Epoch: 11 | Epoch Time: 1m 11s
	Train Loss: 1.4478 - Jaccard: 0.8319 - F1: 0.8953 - Recall: 0.9117 - Precision: 0.9017
	 Val. Loss: 1.3442 - Jaccard: 0.8710 - F1: 0.9260 - Recall: 0.9478 - Precision: 0.9178

Valid F1 improved from 0.9260 to 0.9291. Saving checkpoint: files/modality_wise/FocusNet/checkpoint.pth
Epoch: 12 | Epoch Time: 1m 10s
	Train Loss: 1.2026 - Jaccard: 0.8430 - F1: 0.9031 - Recall: 0.9113 - Precision: 0.9142
	 Val. Loss: 1.1991 - Jaccard: 0.8784 - F1: 0.9291 - Recall: 0.9404 - Precision: 0.9326

Epoch: 13 | Epoch Time: 1m 10s
	Train Loss: 1.2143 - Jaccard: 0.8388 - F1: 0.8992 - Recall: 0.9099 - Precision: 0.9085
	 Val. Loss: 1.1163 - Jaccard: 0.8714 - F1: 0.9257 - Recall: 0.9131 - Precision: 0.9532

Valid F1 improved from 0.9291 to 0.9312. Saving checkpoint: files/modality_wise/FocusNet/checkpoint.pth
Epoch: 14 | Epoch Time: 1m 11s
	Train Loss: 1.0329 - Jaccard: 0.8497 - F1: 0.9071 - Recall: 0.9128 - Precision: 0.9219
	 Val. Loss: 1.1388 - Jaccard: 0.8805 - F1: 0.9312 - Recall: 0.9235 - Precision: 0.9530

Epoch: 15 | Epoch Time: 1m 11s
	Train Loss: 0.9696 - Jaccard: 0.8555 - F1: 0.9124 - Recall: 0.9167 - Precision: 0.9264
	 Val. Loss: 1.1510 - Jaccard: 0.8763 - F1: 0.9267 - Recall: 0.9323 - Precision: 0.9373

Epoch: 16 | Epoch Time: 1m 10s
	Train Loss: 0.8987 - Jaccard: 0.8591 - F1: 0.9148 - Recall: 0.9173 - Precision: 0.9275
	 Val. Loss: 1.1613 - Jaccard: 0.8698 - F1: 0.9217 - Recall: 0.9042 - Precision: 0.9624

Epoch: 17 | Epoch Time: 1m 10s
	Train Loss: 0.8187 - Jaccard: 0.8649 - F1: 0.9190 - Recall: 0.9198 - Precision: 0.9324
	 Val. Loss: 1.2713 - Jaccard: 0.8817 - F1: 0.9310 - Recall: 0.9379 - Precision: 0.9374

Epoch: 18 | Epoch Time: 1m 10s
	Train Loss: 0.7883 - Jaccard: 0.8678 - F1: 0.9208 - Recall: 0.9214 - Precision: 0.9344
	 Val. Loss: 1.3164 - Jaccard: 0.8798 - F1: 0.9288 - Recall: 0.9316 - Precision: 0.9370

Valid F1 improved from 0.9312 to 0.9337. Saving checkpoint: files/modality_wise/FocusNet/checkpoint.pth
Epoch: 19 | Epoch Time: 1m 10s
	Train Loss: 0.7417 - Jaccard: 0.8680 - F1: 0.9210 - Recall: 0.9221 - Precision: 0.9350
	 Val. Loss: 1.0844 - Jaccard: 0.8845 - F1: 0.9337 - Recall: 0.9324 - Precision: 0.9482

Epoch: 20 | Epoch Time: 1m 10s
	Train Loss: 0.8331 - Jaccard: 0.8640 - F1: 0.9181 - Recall: 0.9185 - Precision: 0.9335
	 Val. Loss: 0.8747 - Jaccard: 0.8785 - F1: 0.9295 - Recall: 0.9146 - Precision: 0.9603

Valid F1 improved from 0.9337 to 0.9364. Saving checkpoint: files/modality_wise/FocusNet/checkpoint.pth
Epoch: 21 | Epoch Time: 1m 11s
	Train Loss: 0.8727 - Jaccard: 0.8582 - F1: 0.9145 - Recall: 0.9144 - Precision: 0.9300
	 Val. Loss: 0.9697 - Jaccard: 0.8900 - F1: 0.9364 - Recall: 0.9335 - Precision: 0.9525

Valid F1 improved from 0.9364 to 0.9367. Saving checkpoint: files/modality_wise/FocusNet/checkpoint.pth
Epoch: 22 | Epoch Time: 1m 11s
	Train Loss: 0.6651 - Jaccard: 0.8795 - F1: 0.9291 - Recall: 0.9272 - Precision: 0.9425
	 Val. Loss: 0.9063 - Jaccard: 0.8892 - F1: 0.9367 - Recall: 0.9249 - Precision: 0.9605

Epoch: 23 | Epoch Time: 1m 11s
	Train Loss: 0.6251 - Jaccard: 0.8802 - F1: 0.9295 - Recall: 0.9265 - Precision: 0.9439
	 Val. Loss: 0.9559 - Jaccard: 0.8903 - F1: 0.9360 - Recall: 0.9245 - Precision: 0.9627

Epoch: 24 | Epoch Time: 1m 10s
	Train Loss: 0.9733 - Jaccard: 0.8525 - F1: 0.9085 - Recall: 0.9104 - Precision: 0.9267
	 Val. Loss: 0.8837 - Jaccard: 0.8903 - F1: 0.9363 - Recall: 0.9320 - Precision: 0.9551

Valid F1 improved from 0.9367 to 0.9399. Saving checkpoint: files/modality_wise/FocusNet/checkpoint.pth
Epoch: 25 | Epoch Time: 1m 11s
	Train Loss: 0.6197 - Jaccard: 0.8799 - F1: 0.9294 - Recall: 0.9270 - Precision: 0.9433
	 Val. Loss: 0.8102 - Jaccard: 0.8952 - F1: 0.9399 - Recall: 0.9377 - Precision: 0.9544

Epoch: 26 | Epoch Time: 1m 10s
	Train Loss: 0.6140 - Jaccard: 0.8801 - F1: 0.9290 - Recall: 0.9268 - Precision: 0.9425
	 Val. Loss: 0.9985 - Jaccard: 0.8553 - F1: 0.9080 - Recall: 0.8877 - Precision: 0.9535

Epoch: 27 | Epoch Time: 1m 10s
	Train Loss: 0.6616 - Jaccard: 0.8728 - F1: 0.9230 - Recall: 0.9221 - Precision: 0.9396
	 Val. Loss: 1.2937 - Jaccard: 0.8768 - F1: 0.9274 - Recall: 0.9463 - Precision: 0.9242

Epoch: 28 | Epoch Time: 1m 11s
	Train Loss: 0.9341 - Jaccard: 0.8486 - F1: 0.9040 - Recall: 0.9048 - Precision: 0.9277
	 Val. Loss: 0.8597 - Jaccard: 0.8890 - F1: 0.9360 - Recall: 0.9300 - Precision: 0.9553

Epoch: 29 | Epoch Time: 1m 11s
	Train Loss: 0.6305 - Jaccard: 0.8740 - F1: 0.9251 - Recall: 0.9233 - Precision: 0.9410
	 Val. Loss: 0.8870 - Jaccard: 0.8912 - F1: 0.9370 - Recall: 0.9329 - Precision: 0.9553

Epoch: 30 | Epoch Time: 1m 11s
	Train Loss: 0.5807 - Jaccard: 0.8830 - F1: 0.9314 - Recall: 0.9290 - Precision: 0.9444
	 Val. Loss: 0.8936 - Jaccard: 0.8874 - F1: 0.9353 - Recall: 0.9235 - Precision: 0.9599

Epoch: 31 | Epoch Time: 1m 11s
	Train Loss: 0.5426 - Jaccard: 0.8873 - F1: 0.9341 - Recall: 0.9312 - Precision: 0.9473
	 Val. Loss: 0.8648 - Jaccard: 0.8880 - F1: 0.9338 - Recall: 0.9206 - Precision: 0.9635

Valid F1 improved from 0.9399 to 0.9409. Saving checkpoint: files/modality_wise/FocusNet/checkpoint.pth
Epoch: 32 | Epoch Time: 1m 11s
	Train Loss: 0.5162 - Jaccard: 0.8920 - F1: 0.9366 - Recall: 0.9336 - Precision: 0.9513
	 Val. Loss: 0.8333 - Jaccard: 0.8977 - F1: 0.9409 - Recall: 0.9335 - Precision: 0.9606

Valid F1 improved from 0.9409 to 0.9410. Saving checkpoint: files/modality_wise/FocusNet/checkpoint.pth
Epoch: 33 | Epoch Time: 1m 11s
	Train Loss: 0.5017 - Jaccard: 0.8957 - F1: 0.9395 - Recall: 0.9371 - Precision: 0.9509
	 Val. Loss: 0.8502 - Jaccard: 0.8975 - F1: 0.9410 - Recall: 0.9336 - Precision: 0.9604

Valid F1 improved from 0.9410 to 0.9416. Saving checkpoint: files/modality_wise/FocusNet/checkpoint.pth
Epoch: 34 | Epoch Time: 1m 10s
	Train Loss: 0.4914 - Jaccard: 0.8944 - F1: 0.9381 - Recall: 0.9339 - Precision: 0.9526
	 Val. Loss: 0.8298 - Jaccard: 0.8988 - F1: 0.9416 - Recall: 0.9372 - Precision: 0.9579

Valid F1 improved from 0.9416 to 0.9435. Saving checkpoint: files/modality_wise/FocusNet/checkpoint.pth
Epoch: 35 | Epoch Time: 1m 10s
	Train Loss: 0.4817 - Jaccard: 0.8983 - F1: 0.9417 - Recall: 0.9389 - Precision: 0.9522
	 Val. Loss: 0.8492 - Jaccard: 0.9010 - F1: 0.9435 - Recall: 0.9404 - Precision: 0.9571

Epoch: 36 | Epoch Time: 1m 10s
	Train Loss: 0.4879 - Jaccard: 0.8962 - F1: 0.9395 - Recall: 0.9373 - Precision: 0.9511
	 Val. Loss: 0.8779 - Jaccard: 0.8979 - F1: 0.9410 - Recall: 0.9345 - Precision: 0.9599

Epoch: 37 | Epoch Time: 1m 10s
	Train Loss: 0.4755 - Jaccard: 0.8981 - F1: 0.9415 - Recall: 0.9376 - Precision: 0.9533
	 Val. Loss: 0.8834 - Jaccard: 0.8998 - F1: 0.9425 - Recall: 0.9389 - Precision: 0.9575

Epoch: 38 | Epoch Time: 1m 11s
	Train Loss: 0.4712 - Jaccard: 0.8990 - F1: 0.9418 - Recall: 0.9397 - Precision: 0.9523
	 Val. Loss: 0.8735 - Jaccard: 0.8998 - F1: 0.9424 - Recall: 0.9380 - Precision: 0.9583

Epoch: 39 | Epoch Time: 1m 11s
	Train Loss: 0.4742 - Jaccard: 0.8986 - F1: 0.9415 - Recall: 0.9386 - Precision: 0.9524
	 Val. Loss: 0.8715 - Jaccard: 0.8997 - F1: 0.9424 - Recall: 0.9374 - Precision: 0.9589

Epoch: 40 | Epoch Time: 1m 10s
	Train Loss: 0.4730 - Jaccard: 0.8989 - F1: 0.9419 - Recall: 0.9388 - Precision: 0.9531
	 Val. Loss: 0.8696 - Jaccard: 0.8995 - F1: 0.9422 - Recall: 0.9359 - Precision: 0.9602

Epoch: 41 | Epoch Time: 1m 10s
	Train Loss: 0.4719 - Jaccard: 0.8999 - F1: 0.9423 - Recall: 0.9391 - Precision: 0.9530
	 Val. Loss: 0.8807 - Jaccard: 0.9006 - F1: 0.9430 - Recall: 0.9394 - Precision: 0.9577

Epoch: 42 | Epoch Time: 1m 10s
	Train Loss: 0.4651 - Jaccard: 0.8995 - F1: 0.9420 - Recall: 0.9393 - Precision: 0.9536
	 Val. Loss: 0.8610 - Jaccard: 0.9000 - F1: 0.9426 - Recall: 0.9367 - Precision: 0.9599

Epoch: 43 | Epoch Time: 1m 10s
	Train Loss: 0.4760 - Jaccard: 0.8997 - F1: 0.9425 - Recall: 0.9400 - Precision: 0.9521
	 Val. Loss: 0.8672 - Jaccard: 0.9001 - F1: 0.9427 - Recall: 0.9365 - Precision: 0.9601

Epoch: 44 | Epoch Time: 1m 11s
	Train Loss: 0.4659 - Jaccard: 0.8979 - F1: 0.9407 - Recall: 0.9378 - Precision: 0.9537
	 Val. Loss: 0.8655 - Jaccard: 0.9000 - F1: 0.9426 - Recall: 0.9362 - Precision: 0.9603

Epoch: 45 | Epoch Time: 1m 11s
	Train Loss: 0.4744 - Jaccard: 0.9001 - F1: 0.9427 - Recall: 0.9403 - Precision: 0.9528
	 Val. Loss: 0.8745 - Jaccard: 0.9007 - F1: 0.9431 - Recall: 0.9384 - Precision: 0.9590

Epoch: 46 | Epoch Time: 1m 11s
	Train Loss: 0.4666 - Jaccard: 0.8996 - F1: 0.9424 - Recall: 0.9394 - Precision: 0.9526
	 Val. Loss: 0.8606 - Jaccard: 0.9003 - F1: 0.9428 - Recall: 0.9370 - Precision: 0.9599

Epoch: 47 | Epoch Time: 1m 11s
	Train Loss: 0.4698 - Jaccard: 0.8999 - F1: 0.9425 - Recall: 0.9388 - Precision: 0.9531
	 Val. Loss: 0.8892 - Jaccard: 0.9008 - F1: 0.9431 - Recall: 0.9390 - Precision: 0.9584

Epoch: 48 | Epoch Time: 1m 10s
	Train Loss: 0.4650 - Jaccard: 0.9000 - F1: 0.9426 - Recall: 0.9394 - Precision: 0.9538
	 Val. Loss: 0.8837 - Jaccard: 0.9004 - F1: 0.9429 - Recall: 0.9376 - Precision: 0.9594

Epoch: 49 | Epoch Time: 1m 11s
	Train Loss: 0.4771 - Jaccard: 0.8988 - F1: 0.9414 - Recall: 0.9384 - Precision: 0.9521
	 Val. Loss: 0.8895 - Jaccard: 0.9009 - F1: 0.9432 - Recall: 0.9393 - Precision: 0.9582

Epoch: 50 | Epoch Time: 1m 11s
	Train Loss: 0.4672 - Jaccard: 0.8994 - F1: 0.9421 - Recall: 0.9386 - Precision: 0.9539
	 Val. Loss: 0.8691 - Jaccard: 0.9006 - F1: 0.9430 - Recall: 0.9380 - Precision: 0.9592

Epoch: 51 | Epoch Time: 1m 10s
	Train Loss: 0.4713 - Jaccard: 0.8994 - F1: 0.9423 - Recall: 0.9388 - Precision: 0.9534
	 Val. Loss: 0.8696 - Jaccard: 0.9006 - F1: 0.9430 - Recall: 0.9378 - Precision: 0.9594

Epoch: 52 | Epoch Time: 1m 10s
	Train Loss: 0.4633 - Jaccard: 0.9012 - F1: 0.9433 - Recall: 0.9397 - Precision: 0.9547
	 Val. Loss: 0.8639 - Jaccard: 0.9004 - F1: 0.9429 - Recall: 0.9373 - Precision: 0.9597

Epoch: 53 | Epoch Time: 1m 11s
	Train Loss: 0.4657 - Jaccard: 0.8996 - F1: 0.9425 - Recall: 0.9400 - Precision: 0.9523
	 Val. Loss: 0.8720 - Jaccard: 0.9001 - F1: 0.9427 - Recall: 0.9370 - Precision: 0.9597

Epoch: 54 | Epoch Time: 1m 10s
	Train Loss: 0.4771 - Jaccard: 0.8982 - F1: 0.9409 - Recall: 0.9384 - Precision: 0.9524
	 Val. Loss: 0.8807 - Jaccard: 0.9004 - F1: 0.9429 - Recall: 0.9389 - Precision: 0.9582

Epoch: 55 | Epoch Time: 1m 10s
	Train Loss: 0.4666 - Jaccard: 0.8995 - F1: 0.9418 - Recall: 0.9395 - Precision: 0.9515
	 Val. Loss: 0.8890 - Jaccard: 0.9008 - F1: 0.9431 - Recall: 0.9390 - Precision: 0.9583

Epoch: 56 | Epoch Time: 1m 10s
	Train Loss: 0.4611 - Jaccard: 0.9003 - F1: 0.9427 - Recall: 0.9398 - Precision: 0.9542
	 Val. Loss: 0.8926 - Jaccard: 0.9013 - F1: 0.9434 - Recall: 0.9405 - Precision: 0.9575

Epoch: 57 | Epoch Time: 1m 10s
	Train Loss: 0.4678 - Jaccard: 0.8999 - F1: 0.9421 - Recall: 0.9393 - Precision: 0.9532
	 Val. Loss: 0.8747 - Jaccard: 0.9007 - F1: 0.9431 - Recall: 0.9383 - Precision: 0.9591

Epoch: 58 | Epoch Time: 1m 10s
	Train Loss: 0.4675 - Jaccard: 0.8990 - F1: 0.9419 - Recall: 0.9384 - Precision: 0.9543
	 Val. Loss: 0.8755 - Jaccard: 0.9010 - F1: 0.9433 - Recall: 0.9393 - Precision: 0.9583

Epoch: 59 | Epoch Time: 1m 10s
	Train Loss: 0.4714 - Jaccard: 0.8997 - F1: 0.9424 - Recall: 0.9395 - Precision: 0.9521
	 Val. Loss: 0.8529 - Jaccard: 0.8999 - F1: 0.9426 - Recall: 0.9356 - Precision: 0.9609

Epoch: 60 | Epoch Time: 1m 11s
	Train Loss: 0.4753 - Jaccard: 0.8994 - F1: 0.9421 - Recall: 0.9394 - Precision: 0.9532
	 Val. Loss: 0.8574 - Jaccard: 0.9002 - F1: 0.9427 - Recall: 0.9364 - Precision: 0.9604

Epoch: 61 | Epoch Time: 1m 11s
	Train Loss: 0.4687 - Jaccard: 0.8989 - F1: 0.9417 - Recall: 0.9392 - Precision: 0.9525
	 Val. Loss: 0.8768 - Jaccard: 0.9009 - F1: 0.9432 - Recall: 0.9390 - Precision: 0.9585

Epoch: 62 | Epoch Time: 1m 10s
	Train Loss: 0.4679 - Jaccard: 0.9002 - F1: 0.9424 - Recall: 0.9394 - Precision: 0.9541
	 Val. Loss: 0.8937 - Jaccard: 0.9006 - F1: 0.9430 - Recall: 0.9384 - Precision: 0.9587

Epoch: 63 | Epoch Time: 1m 11s
	Train Loss: 0.4620 - Jaccard: 0.9003 - F1: 0.9425 - Recall: 0.9389 - Precision: 0.9550
	 Val. Loss: 0.8810 - Jaccard: 0.9010 - F1: 0.9432 - Recall: 0.9394 - Precision: 0.9582

Epoch: 64 | Epoch Time: 1m 11s
	Train Loss: 0.4638 - Jaccard: 0.9001 - F1: 0.9428 - Recall: 0.9397 - Precision: 0.9537
	 Val. Loss: 0.8747 - Jaccard: 0.9008 - F1: 0.9431 - Recall: 0.9387 - Precision: 0.9587

Epoch: 65 | Epoch Time: 1m 11s
	Train Loss: 0.4705 - Jaccard: 0.8997 - F1: 0.9421 - Recall: 0.9402 - Precision: 0.9539
	 Val. Loss: 0.8873 - Jaccard: 0.9007 - F1: 0.9431 - Recall: 0.9383 - Precision: 0.9590

Epoch: 66 | Epoch Time: 1m 11s
	Train Loss: 0.4641 - Jaccard: 0.8987 - F1: 0.9413 - Recall: 0.9387 - Precision: 0.9517
	 Val. Loss: 0.8584 - Jaccard: 0.9005 - F1: 0.9429 - Recall: 0.9378 - Precision: 0.9593

Epoch: 67 | Epoch Time: 1m 11s
	Train Loss: 0.4707 - Jaccard: 0.9006 - F1: 0.9431 - Recall: 0.9400 - Precision: 0.9541
	 Val. Loss: 0.8655 - Jaccard: 0.9006 - F1: 0.9430 - Recall: 0.9380 - Precision: 0.9592

Epoch: 68 | Epoch Time: 1m 10s
	Train Loss: 0.4754 - Jaccard: 0.8974 - F1: 0.9405 - Recall: 0.9370 - Precision: 0.9524
	 Val. Loss: 0.8782 - Jaccard: 0.9004 - F1: 0.9429 - Recall: 0.9375 - Precision: 0.9595

Epoch: 69 | Epoch Time: 1m 10s
	Train Loss: 0.4751 - Jaccard: 0.8984 - F1: 0.9414 - Recall: 0.9384 - Precision: 0.9530
	 Val. Loss: 0.8626 - Jaccard: 0.9005 - F1: 0.9429 - Recall: 0.9373 - Precision: 0.9598

Epoch: 70 | Epoch Time: 1m 11s
	Train Loss: 0.4680 - Jaccard: 0.8998 - F1: 0.9424 - Recall: 0.9394 - Precision: 0.9541
	 Val. Loss: 0.8735 - Jaccard: 0.9007 - F1: 0.9430 - Recall: 0.9382 - Precision: 0.9590

Epoch: 71 | Epoch Time: 1m 10s
	Train Loss: 0.4785 - Jaccard: 0.8981 - F1: 0.9411 - Recall: 0.9384 - Precision: 0.9523
	 Val. Loss: 0.8744 - Jaccard: 0.9009 - F1: 0.9432 - Recall: 0.9387 - Precision: 0.9588

Epoch: 72 | Epoch Time: 1m 10s
	Train Loss: 0.4708 - Jaccard: 0.8992 - F1: 0.9420 - Recall: 0.9394 - Precision: 0.9525
	 Val. Loss: 0.8844 - Jaccard: 0.9007 - F1: 0.9431 - Recall: 0.9387 - Precision: 0.9587

Epoch: 73 | Epoch Time: 1m 10s
	Train Loss: 0.4695 - Jaccard: 0.8985 - F1: 0.9412 - Recall: 0.9382 - Precision: 0.9530
	 Val. Loss: 0.8851 - Jaccard: 0.9006 - F1: 0.9430 - Recall: 0.9382 - Precision: 0.9589

Epoch: 74 | Epoch Time: 1m 10s
	Train Loss: 0.4656 - Jaccard: 0.9002 - F1: 0.9427 - Recall: 0.9388 - Precision: 0.9547
	 Val. Loss: 0.8751 - Jaccard: 0.9004 - F1: 0.9429 - Recall: 0.9371 - Precision: 0.9599

Epoch: 75 | Epoch Time: 1m 11s
	Train Loss: 0.4745 - Jaccard: 0.9004 - F1: 0.9430 - Recall: 0.9403 - Precision: 0.9535
	 Val. Loss: 0.8776 - Jaccard: 0.9007 - F1: 0.9431 - Recall: 0.9388 - Precision: 0.9585

Epoch: 76 | Epoch Time: 1m 10s
	Train Loss: 0.4742 - Jaccard: 0.8994 - F1: 0.9419 - Recall: 0.9391 - Precision: 0.9537
	 Val. Loss: 0.8710 - Jaccard: 0.9007 - F1: 0.9430 - Recall: 0.9383 - Precision: 0.9590

Epoch: 77 | Epoch Time: 1m 10s
	Train Loss: 0.4830 - Jaccard: 0.8997 - F1: 0.9421 - Recall: 0.9395 - Precision: 0.9530
	 Val. Loss: 0.8624 - Jaccard: 0.9007 - F1: 0.9431 - Recall: 0.9382 - Precision: 0.9592

Epoch: 78 | Epoch Time: 1m 11s
	Train Loss: 0.4741 - Jaccard: 0.8995 - F1: 0.9423 - Recall: 0.9389 - Precision: 0.9534
	 Val. Loss: 0.8581 - Jaccard: 0.8997 - F1: 0.9424 - Recall: 0.9352 - Precision: 0.9612

Epoch: 79 | Epoch Time: 1m 11s
	Train Loss: 0.4698 - Jaccard: 0.8994 - F1: 0.9421 - Recall: 0.9399 - Precision: 0.9525
	 Val. Loss: 0.8860 - Jaccard: 0.9010 - F1: 0.9432 - Recall: 0.9394 - Precision: 0.9583

Epoch: 80 | Epoch Time: 1m 10s
	Train Loss: 0.4626 - Jaccard: 0.8996 - F1: 0.9421 - Recall: 0.9379 - Precision: 0.9545
	 Val. Loss: 0.8640 - Jaccard: 0.9005 - F1: 0.9429 - Recall: 0.9376 - Precision: 0.9596

Epoch: 81 | Epoch Time: 1m 10s
	Train Loss: 0.4742 - Jaccard: 0.8994 - F1: 0.9422 - Recall: 0.9395 - Precision: 0.9526
	 Val. Loss: 0.8661 - Jaccard: 0.9002 - F1: 0.9427 - Recall: 0.9364 - Precision: 0.9604

Epoch: 82 | Epoch Time: 1m 10s
	Train Loss: 0.4683 - Jaccard: 0.8998 - F1: 0.9425 - Recall: 0.9397 - Precision: 0.9521
	 Val. Loss: 0.8677 - Jaccard: 0.8998 - F1: 0.9425 - Recall: 0.9353 - Precision: 0.9611

Epoch: 83 | Epoch Time: 1m 10s
	Train Loss: 0.4628 - Jaccard: 0.8987 - F1: 0.9416 - Recall: 0.9384 - Precision: 0.9539
	 Val. Loss: 0.8604 - Jaccard: 0.8999 - F1: 0.9425 - Recall: 0.9356 - Precision: 0.9609

Epoch: 84 | Epoch Time: 1m 10s
	Train Loss: 0.4707 - Jaccard: 0.8999 - F1: 0.9424 - Recall: 0.9392 - Precision: 0.9530
	 Val. Loss: 0.8688 - Jaccard: 0.9001 - F1: 0.9427 - Recall: 0.9363 - Precision: 0.9604

Epoch: 85 | Epoch Time: 1m 10s
	Train Loss: 0.4629 - Jaccard: 0.9013 - F1: 0.9436 - Recall: 0.9408 - Precision: 0.9537
	 Val. Loss: 0.8770 - Jaccard: 0.9006 - F1: 0.9430 - Recall: 0.9380 - Precision: 0.9591

Early stopping: validation loss stops improving from last 50 continously.
