Image Size: (256, 256)
Batch Size: 16
LR: 0.0001
Epochs: 500
Early Stopping Patience: 50

Dataset Size:
Train: 2046 - Valid: 255 - Test: 257
/home/ubuntu/Desktop/licenta_elvis/FocusNet/model/FocusNet.py:232: FutureWarning: You are using `torch.load` with `weights_only=False` (the current default value), which uses the default pickle module implicitly. It is possible to construct malicious pickle data which will execute arbitrary code during unpickling (See https://github.com/pytorch/pytorch/blob/main/SECURITY.md#untrusted-models for more details). In a future release, the default value for `weights_only` will be flipped to `True`. This limits the functions that could be executed during unpickling. Arbitrary objects will no longer be allowed to be loaded via this mode unless they are explicitly allowlisted by the user via `torch.serialization.add_safe_globals`. We recommend you start setting `weights_only=True` for any use case where you don't have full control of the loaded file. Please open an issue on GitHub for any issues related to this experimental feature.
  save_model = torch.load(path)

train model: FocusNet
/home/ubuntu/anaconda3/envs/FocusNet/lib/python3.8/site-packages/torch/optim/lr_scheduler.py:60: UserWarning: The verbose parameter is deprecated. Please use get_last_lr() to access the learning rate.
  warnings.warn(
Optimizer: Adam
Loss: BCE Dice Loss

Valid F1 improved from 0.0000 to 0.8300. Saving checkpoint: files/center_wise/FocusNet/checkpoint.pth
Epoch: 01 | Epoch Time: 0m 50s
	Train Loss: 5.4336 - Jaccard: 0.4893 - F1: 0.6141 - Recall: 0.8743 - Precision: 0.5413
	 Val. Loss: 4.1793 - Jaccard: 0.7243 - F1: 0.8300 - Recall: 0.9523 - Precision: 0.7584

Valid F1 improved from 0.8300 to 0.8508. Saving checkpoint: files/center_wise/FocusNet/checkpoint.pth
Epoch: 02 | Epoch Time: 0m 49s
	Train Loss: 4.4218 - Jaccard: 0.6651 - F1: 0.7753 - Recall: 0.9165 - Precision: 0.7149
	 Val. Loss: 3.7500 - Jaccard: 0.7528 - F1: 0.8508 - Recall: 0.9601 - Precision: 0.7806

Valid F1 improved from 0.8508 to 0.8924. Saving checkpoint: files/center_wise/FocusNet/checkpoint.pth
Epoch: 03 | Epoch Time: 0m 49s
	Train Loss: 3.9718 - Jaccard: 0.7071 - F1: 0.8075 - Recall: 0.9220 - Precision: 0.7528
	 Val. Loss: 3.2942 - Jaccard: 0.8178 - F1: 0.8924 - Recall: 0.9606 - Precision: 0.8488

Valid F1 improved from 0.8924 to 0.9157. Saving checkpoint: files/center_wise/FocusNet/checkpoint.pth
Epoch: 04 | Epoch Time: 0m 49s
	Train Loss: 3.5836 - Jaccard: 0.7430 - F1: 0.8340 - Recall: 0.9262 - Precision: 0.7910
	 Val. Loss: 2.9023 - Jaccard: 0.8524 - F1: 0.9157 - Recall: 0.9518 - Precision: 0.8912

Epoch: 05 | Epoch Time: 0m 49s
	Train Loss: 3.2525 - Jaccard: 0.7638 - F1: 0.8490 - Recall: 0.9240 - Precision: 0.8139
	 Val. Loss: 2.8322 - Jaccard: 0.8425 - F1: 0.9086 - Recall: 0.9557 - Precision: 0.8791

Epoch: 06 | Epoch Time: 0m 49s
	Train Loss: 3.0535 - Jaccard: 0.7675 - F1: 0.8509 - Recall: 0.9181 - Precision: 0.8235
	 Val. Loss: 2.9550 - Jaccard: 0.7773 - F1: 0.8652 - Recall: 0.9802 - Precision: 0.7914

Epoch: 07 | Epoch Time: 0m 49s
	Train Loss: 2.6834 - Jaccard: 0.7883 - F1: 0.8662 - Recall: 0.9241 - Precision: 0.8420
	 Val. Loss: 2.7738 - Jaccard: 0.7925 - F1: 0.8766 - Recall: 0.9785 - Precision: 0.8097

Epoch: 08 | Epoch Time: 0m 49s
	Train Loss: 2.4290 - Jaccard: 0.8011 - F1: 0.8742 - Recall: 0.9179 - Precision: 0.8585
	 Val. Loss: 2.3952 - Jaccard: 0.8447 - F1: 0.9088 - Recall: 0.9682 - Precision: 0.8718

Epoch: 09 | Epoch Time: 0m 49s
	Train Loss: 2.1894 - Jaccard: 0.8089 - F1: 0.8796 - Recall: 0.9186 - Precision: 0.8705
	 Val. Loss: 2.1211 - Jaccard: 0.8198 - F1: 0.8879 - Recall: 0.9027 - Precision: 0.9005

Epoch: 10 | Epoch Time: 0m 49s
	Train Loss: 1.9912 - Jaccard: 0.8128 - F1: 0.8830 - Recall: 0.9173 - Precision: 0.8760
	 Val. Loss: 1.8871 - Jaccard: 0.8493 - F1: 0.9123 - Recall: 0.9670 - Precision: 0.8733

Valid F1 improved from 0.9157 to 0.9204. Saving checkpoint: files/center_wise/FocusNet/checkpoint.pth
Epoch: 11 | Epoch Time: 0m 50s
	Train Loss: 1.8555 - Jaccard: 0.8210 - F1: 0.8880 - Recall: 0.9160 - Precision: 0.8851
	 Val. Loss: 1.5881 - Jaccard: 0.8637 - F1: 0.9204 - Recall: 0.9331 - Precision: 0.9226

Valid F1 improved from 0.9204 to 0.9260. Saving checkpoint: files/center_wise/FocusNet/checkpoint.pth
Epoch: 12 | Epoch Time: 0m 49s
	Train Loss: 1.5945 - Jaccard: 0.8320 - F1: 0.8962 - Recall: 0.9182 - Precision: 0.8976
	 Val. Loss: 1.3736 - Jaccard: 0.8711 - F1: 0.9260 - Recall: 0.9436 - Precision: 0.9229

Valid F1 improved from 0.9260 to 0.9287. Saving checkpoint: files/center_wise/FocusNet/checkpoint.pth
Epoch: 13 | Epoch Time: 0m 49s
	Train Loss: 1.4639 - Jaccard: 0.8326 - F1: 0.8966 - Recall: 0.9130 - Precision: 0.9013
	 Val. Loss: 1.1517 - Jaccard: 0.8756 - F1: 0.9287 - Recall: 0.9440 - Precision: 0.9270

Valid F1 improved from 0.9287 to 0.9336. Saving checkpoint: files/center_wise/FocusNet/checkpoint.pth
Epoch: 14 | Epoch Time: 0m 49s
	Train Loss: 1.4581 - Jaccard: 0.8287 - F1: 0.8921 - Recall: 0.9083 - Precision: 0.9010
	 Val. Loss: 1.2143 - Jaccard: 0.8848 - F1: 0.9336 - Recall: 0.9388 - Precision: 0.9418

Epoch: 15 | Epoch Time: 0m 49s
	Train Loss: 1.2528 - Jaccard: 0.8513 - F1: 0.9106 - Recall: 0.9205 - Precision: 0.9189
	 Val. Loss: 1.0392 - Jaccard: 0.8832 - F1: 0.9327 - Recall: 0.9368 - Precision: 0.9412

Valid F1 improved from 0.9336 to 0.9375. Saving checkpoint: files/center_wise/FocusNet/checkpoint.pth
Epoch: 16 | Epoch Time: 0m 49s
	Train Loss: 1.1432 - Jaccard: 0.8529 - F1: 0.9110 - Recall: 0.9211 - Precision: 0.9180
	 Val. Loss: 1.0483 - Jaccard: 0.8890 - F1: 0.9375 - Recall: 0.9406 - Precision: 0.9443

Epoch: 17 | Epoch Time: 0m 49s
	Train Loss: 1.1071 - Jaccard: 0.8542 - F1: 0.9122 - Recall: 0.9211 - Precision: 0.9206
	 Val. Loss: 1.0452 - Jaccard: 0.8699 - F1: 0.9245 - Recall: 0.9403 - Precision: 0.9253

Epoch: 18 | Epoch Time: 0m 49s
	Train Loss: 1.0274 - Jaccard: 0.8582 - F1: 0.9151 - Recall: 0.9198 - Precision: 0.9272
	 Val. Loss: 0.8903 - Jaccard: 0.8861 - F1: 0.9349 - Recall: 0.9448 - Precision: 0.9372

Epoch: 19 | Epoch Time: 0m 49s
	Train Loss: 1.2171 - Jaccard: 0.8427 - F1: 0.9033 - Recall: 0.9123 - Precision: 0.9160
	 Val. Loss: 0.9853 - Jaccard: 0.8772 - F1: 0.9262 - Recall: 0.9190 - Precision: 0.9494

Epoch: 20 | Epoch Time: 0m 49s
	Train Loss: 0.9892 - Jaccard: 0.8524 - F1: 0.9103 - Recall: 0.9138 - Precision: 0.9245
	 Val. Loss: 1.1115 - Jaccard: 0.8620 - F1: 0.9144 - Recall: 0.9114 - Precision: 0.9420

Epoch: 21 | Epoch Time: 0m 49s
	Train Loss: 1.0617 - Jaccard: 0.8364 - F1: 0.8974 - Recall: 0.8998 - Precision: 0.9186
	 Val. Loss: 0.9635 - Jaccard: 0.8764 - F1: 0.9265 - Recall: 0.9443 - Precision: 0.9276

Epoch: 22 | Epoch Time: 0m 49s
	Train Loss: 0.8775 - Jaccard: 0.8644 - F1: 0.9188 - Recall: 0.9218 - Precision: 0.9286
	 Val. Loss: 1.0892 - Jaccard: 0.8646 - F1: 0.9144 - Recall: 0.9066 - Precision: 0.9533

Epoch: 23 | Epoch Time: 0m 49s
	Train Loss: 0.9944 - Jaccard: 0.8500 - F1: 0.9066 - Recall: 0.9097 - Precision: 0.9254
	 Val. Loss: 1.0602 - Jaccard: 0.8733 - F1: 0.9226 - Recall: 0.9350 - Precision: 0.9290

Epoch: 24 | Epoch Time: 0m 49s
	Train Loss: 0.7542 - Jaccard: 0.8735 - F1: 0.9252 - Recall: 0.9246 - Precision: 0.9367
	 Val. Loss: 0.9357 - Jaccard: 0.8890 - F1: 0.9362 - Recall: 0.9415 - Precision: 0.9425

Valid F1 improved from 0.9375 to 0.9389. Saving checkpoint: files/center_wise/FocusNet/checkpoint.pth
Epoch: 25 | Epoch Time: 0m 49s
	Train Loss: 0.7003 - Jaccard: 0.8823 - F1: 0.9317 - Recall: 0.9309 - Precision: 0.9403
	 Val. Loss: 0.9940 - Jaccard: 0.8933 - F1: 0.9389 - Recall: 0.9438 - Precision: 0.9447

Epoch: 26 | Epoch Time: 0m 49s
	Train Loss: 0.6790 - Jaccard: 0.8842 - F1: 0.9324 - Recall: 0.9324 - Precision: 0.9416
	 Val. Loss: 0.9699 - Jaccard: 0.8918 - F1: 0.9375 - Recall: 0.9413 - Precision: 0.9458

Epoch: 27 | Epoch Time: 0m 49s
	Train Loss: 0.6882 - Jaccard: 0.8839 - F1: 0.9327 - Recall: 0.9326 - Precision: 0.9429
	 Val. Loss: 0.9390 - Jaccard: 0.8907 - F1: 0.9365 - Recall: 0.9389 - Precision: 0.9472

Epoch: 28 | Epoch Time: 0m 49s
	Train Loss: 0.6597 - Jaccard: 0.8870 - F1: 0.9345 - Recall: 0.9339 - Precision: 0.9438
	 Val. Loss: 0.9117 - Jaccard: 0.8911 - F1: 0.9366 - Recall: 0.9380 - Precision: 0.9487

Valid F1 improved from 0.9389 to 0.9397. Saving checkpoint: files/center_wise/FocusNet/checkpoint.pth
Epoch: 29 | Epoch Time: 0m 49s
	Train Loss: 0.6652 - Jaccard: 0.8865 - F1: 0.9346 - Recall: 0.9344 - Precision: 0.9432
	 Val. Loss: 0.8946 - Jaccard: 0.8947 - F1: 0.9397 - Recall: 0.9403 - Precision: 0.9501

Valid F1 improved from 0.9397 to 0.9408. Saving checkpoint: files/center_wise/FocusNet/checkpoint.pth
Epoch: 30 | Epoch Time: 0m 49s
	Train Loss: 0.6452 - Jaccard: 0.8874 - F1: 0.9351 - Recall: 0.9340 - Precision: 0.9440
	 Val. Loss: 0.9079 - Jaccard: 0.8961 - F1: 0.9408 - Recall: 0.9408 - Precision: 0.9511

Valid F1 improved from 0.9408 to 0.9410. Saving checkpoint: files/center_wise/FocusNet/checkpoint.pth
Epoch: 31 | Epoch Time: 0m 50s
	Train Loss: 0.6656 - Jaccard: 0.8849 - F1: 0.9327 - Recall: 0.9308 - Precision: 0.9454
	 Val. Loss: 0.9317 - Jaccard: 0.8965 - F1: 0.9410 - Recall: 0.9441 - Precision: 0.9483

Epoch: 32 | Epoch Time: 0m 49s
	Train Loss: 0.6555 - Jaccard: 0.8888 - F1: 0.9362 - Recall: 0.9351 - Precision: 0.9448
	 Val. Loss: 0.9104 - Jaccard: 0.8953 - F1: 0.9401 - Recall: 0.9409 - Precision: 0.9502

Epoch: 33 | Epoch Time: 0m 49s
	Train Loss: 0.6487 - Jaccard: 0.8882 - F1: 0.9353 - Recall: 0.9339 - Precision: 0.9461
	 Val. Loss: 0.9093 - Jaccard: 0.8952 - F1: 0.9400 - Recall: 0.9416 - Precision: 0.9494

Epoch: 34 | Epoch Time: 0m 49s
	Train Loss: 0.6573 - Jaccard: 0.8880 - F1: 0.9354 - Recall: 0.9339 - Precision: 0.9462
	 Val. Loss: 0.8764 - Jaccard: 0.8942 - F1: 0.9393 - Recall: 0.9405 - Precision: 0.9495

Epoch: 35 | Epoch Time: 0m 49s
	Train Loss: 0.6570 - Jaccard: 0.8878 - F1: 0.9351 - Recall: 0.9333 - Precision: 0.9458
	 Val. Loss: 0.8842 - Jaccard: 0.8946 - F1: 0.9395 - Recall: 0.9408 - Precision: 0.9496

Epoch: 36 | Epoch Time: 0m 49s
	Train Loss: 0.6318 - Jaccard: 0.8888 - F1: 0.9357 - Recall: 0.9357 - Precision: 0.9445
	 Val. Loss: 0.8313 - Jaccard: 0.8924 - F1: 0.9378 - Recall: 0.9349 - Precision: 0.9532

Epoch: 37 | Epoch Time: 0m 49s
	Train Loss: 0.6534 - Jaccard: 0.8875 - F1: 0.9347 - Recall: 0.9331 - Precision: 0.9445
	 Val. Loss: 0.8811 - Jaccard: 0.8942 - F1: 0.9392 - Recall: 0.9402 - Precision: 0.9498

Epoch: 38 | Epoch Time: 0m 49s
	Train Loss: 0.6417 - Jaccard: 0.8884 - F1: 0.9354 - Recall: 0.9333 - Precision: 0.9458
	 Val. Loss: 0.8852 - Jaccard: 0.8948 - F1: 0.9396 - Recall: 0.9424 - Precision: 0.9481

Epoch: 39 | Epoch Time: 0m 49s
	Train Loss: 0.6410 - Jaccard: 0.8875 - F1: 0.9344 - Recall: 0.9330 - Precision: 0.9449
	 Val. Loss: 0.9044 - Jaccard: 0.8952 - F1: 0.9399 - Recall: 0.9438 - Precision: 0.9471

Epoch: 40 | Epoch Time: 0m 49s
	Train Loss: 0.6494 - Jaccard: 0.8875 - F1: 0.9347 - Recall: 0.9340 - Precision: 0.9444
	 Val. Loss: 0.8959 - Jaccard: 0.8951 - F1: 0.9399 - Recall: 0.9432 - Precision: 0.9478

Epoch: 41 | Epoch Time: 0m 49s
	Train Loss: 0.6237 - Jaccard: 0.8908 - F1: 0.9373 - Recall: 0.9368 - Precision: 0.9457
	 Val. Loss: 0.8888 - Jaccard: 0.8950 - F1: 0.9398 - Recall: 0.9417 - Precision: 0.9490

Epoch: 42 | Epoch Time: 0m 49s
	Train Loss: 0.6389 - Jaccard: 0.8889 - F1: 0.9359 - Recall: 0.9355 - Precision: 0.9442
	 Val. Loss: 0.8703 - Jaccard: 0.8946 - F1: 0.9395 - Recall: 0.9412 - Precision: 0.9492

Epoch: 43 | Epoch Time: 0m 49s
	Train Loss: 0.6376 - Jaccard: 0.8877 - F1: 0.9347 - Recall: 0.9339 - Precision: 0.9453
	 Val. Loss: 0.8665 - Jaccard: 0.8944 - F1: 0.9393 - Recall: 0.9393 - Precision: 0.9508

Epoch: 44 | Epoch Time: 0m 49s
	Train Loss: 0.6388 - Jaccard: 0.8911 - F1: 0.9379 - Recall: 0.9370 - Precision: 0.9456
	 Val. Loss: 0.8799 - Jaccard: 0.8943 - F1: 0.9393 - Recall: 0.9402 - Precision: 0.9499

Epoch: 45 | Epoch Time: 0m 49s
	Train Loss: 0.6355 - Jaccard: 0.8909 - F1: 0.9372 - Recall: 0.9359 - Precision: 0.9455
	 Val. Loss: 0.8968 - Jaccard: 0.8952 - F1: 0.9399 - Recall: 0.9417 - Precision: 0.9493

Epoch: 46 | Epoch Time: 0m 49s
	Train Loss: 0.6447 - Jaccard: 0.8877 - F1: 0.9347 - Recall: 0.9337 - Precision: 0.9434
	 Val. Loss: 0.9260 - Jaccard: 0.8955 - F1: 0.9402 - Recall: 0.9441 - Precision: 0.9472

Epoch: 47 | Epoch Time: 0m 49s
	Train Loss: 0.6386 - Jaccard: 0.8886 - F1: 0.9355 - Recall: 0.9338 - Precision: 0.9460
	 Val. Loss: 0.8748 - Jaccard: 0.8948 - F1: 0.9396 - Recall: 0.9406 - Precision: 0.9499

Epoch: 48 | Epoch Time: 0m 49s
	Train Loss: 0.6485 - Jaccard: 0.8892 - F1: 0.9362 - Recall: 0.9359 - Precision: 0.9450
	 Val. Loss: 0.8914 - Jaccard: 0.8949 - F1: 0.9397 - Recall: 0.9419 - Precision: 0.9488

Epoch: 49 | Epoch Time: 0m 49s
	Train Loss: 0.6493 - Jaccard: 0.8896 - F1: 0.9368 - Recall: 0.9352 - Precision: 0.9456
	 Val. Loss: 0.8798 - Jaccard: 0.8945 - F1: 0.9394 - Recall: 0.9391 - Precision: 0.9511

Epoch: 50 | Epoch Time: 0m 49s
	Train Loss: 0.6377 - Jaccard: 0.8902 - F1: 0.9370 - Recall: 0.9352 - Precision: 0.9465
	 Val. Loss: 0.8829 - Jaccard: 0.8948 - F1: 0.9396 - Recall: 0.9418 - Precision: 0.9487

Epoch: 51 | Epoch Time: 0m 49s
	Train Loss: 0.6603 - Jaccard: 0.8893 - F1: 0.9364 - Recall: 0.9346 - Precision: 0.9463
	 Val. Loss: 0.8638 - Jaccard: 0.8944 - F1: 0.9394 - Recall: 0.9404 - Precision: 0.9498

Epoch: 52 | Epoch Time: 0m 49s
	Train Loss: 0.6511 - Jaccard: 0.8884 - F1: 0.9359 - Recall: 0.9343 - Precision: 0.9453
	 Val. Loss: 0.8898 - Jaccard: 0.8949 - F1: 0.9397 - Recall: 0.9424 - Precision: 0.9483

Epoch: 53 | Epoch Time: 0m 49s
	Train Loss: 0.6414 - Jaccard: 0.8883 - F1: 0.9349 - Recall: 0.9341 - Precision: 0.9439
	 Val. Loss: 0.9294 - Jaccard: 0.8954 - F1: 0.9402 - Recall: 0.9455 - Precision: 0.9458

Epoch: 54 | Epoch Time: 0m 49s
	Train Loss: 0.6339 - Jaccard: 0.8901 - F1: 0.9368 - Recall: 0.9356 - Precision: 0.9449
	 Val. Loss: 0.9058 - Jaccard: 0.8953 - F1: 0.9400 - Recall: 0.9433 - Precision: 0.9478

Epoch: 55 | Epoch Time: 0m 49s
	Train Loss: 0.6438 - Jaccard: 0.8873 - F1: 0.9351 - Recall: 0.9338 - Precision: 0.9436
	 Val. Loss: 0.8957 - Jaccard: 0.8948 - F1: 0.9397 - Recall: 0.9421 - Precision: 0.9485

Epoch: 56 | Epoch Time: 0m 49s
	Train Loss: 0.6398 - Jaccard: 0.8896 - F1: 0.9368 - Recall: 0.9349 - Precision: 0.9460
	 Val. Loss: 0.8828 - Jaccard: 0.8948 - F1: 0.9396 - Recall: 0.9411 - Precision: 0.9494

Epoch: 57 | Epoch Time: 0m 49s
	Train Loss: 0.6400 - Jaccard: 0.8906 - F1: 0.9377 - Recall: 0.9367 - Precision: 0.9461
	 Val. Loss: 0.8822 - Jaccard: 0.8951 - F1: 0.9398 - Recall: 0.9411 - Precision: 0.9497

Epoch: 58 | Epoch Time: 0m 49s
	Train Loss: 0.6401 - Jaccard: 0.8898 - F1: 0.9363 - Recall: 0.9355 - Precision: 0.9440
	 Val. Loss: 0.8994 - Jaccard: 0.8952 - F1: 0.9399 - Recall: 0.9423 - Precision: 0.9486

Epoch: 59 | Epoch Time: 0m 49s
	Train Loss: 0.6427 - Jaccard: 0.8903 - F1: 0.9367 - Recall: 0.9354 - Precision: 0.9466
	 Val. Loss: 0.9121 - Jaccard: 0.8953 - F1: 0.9400 - Recall: 0.9447 - Precision: 0.9464

Epoch: 60 | Epoch Time: 0m 49s
	Train Loss: 0.6427 - Jaccard: 0.8894 - F1: 0.9364 - Recall: 0.9356 - Precision: 0.9437
	 Val. Loss: 0.8617 - Jaccard: 0.8943 - F1: 0.9392 - Recall: 0.9387 - Precision: 0.9513

Epoch: 61 | Epoch Time: 0m 49s
	Train Loss: 0.6545 - Jaccard: 0.8901 - F1: 0.9368 - Recall: 0.9361 - Precision: 0.9448
	 Val. Loss: 0.9092 - Jaccard: 0.8952 - F1: 0.9400 - Recall: 0.9428 - Precision: 0.9482

Epoch: 62 | Epoch Time: 0m 49s
	Train Loss: 0.6452 - Jaccard: 0.8910 - F1: 0.9374 - Recall: 0.9361 - Precision: 0.9477
	 Val. Loss: 0.8796 - Jaccard: 0.8947 - F1: 0.9396 - Recall: 0.9414 - Precision: 0.9491

Epoch: 63 | Epoch Time: 0m 49s
	Train Loss: 0.6296 - Jaccard: 0.8897 - F1: 0.9362 - Recall: 0.9355 - Precision: 0.9454
	 Val. Loss: 0.9049 - Jaccard: 0.8951 - F1: 0.9399 - Recall: 0.9424 - Precision: 0.9484

Epoch: 64 | Epoch Time: 0m 49s
	Train Loss: 0.6498 - Jaccard: 0.8893 - F1: 0.9359 - Recall: 0.9362 - Precision: 0.9445
	 Val. Loss: 0.8915 - Jaccard: 0.8951 - F1: 0.9398 - Recall: 0.9433 - Precision: 0.9476

Epoch: 65 | Epoch Time: 0m 49s
	Train Loss: 0.6877 - Jaccard: 0.8884 - F1: 0.9354 - Recall: 0.9346 - Precision: 0.9457
	 Val. Loss: 0.8747 - Jaccard: 0.8948 - F1: 0.9396 - Recall: 0.9418 - Precision: 0.9488

Epoch: 66 | Epoch Time: 0m 49s
	Train Loss: 0.6479 - Jaccard: 0.8897 - F1: 0.9366 - Recall: 0.9352 - Precision: 0.9447
	 Val. Loss: 0.8745 - Jaccard: 0.8946 - F1: 0.9395 - Recall: 0.9402 - Precision: 0.9502

Epoch: 67 | Epoch Time: 0m 49s
	Train Loss: 0.6388 - Jaccard: 0.8898 - F1: 0.9367 - Recall: 0.9358 - Precision: 0.9455
	 Val. Loss: 0.8799 - Jaccard: 0.8949 - F1: 0.9397 - Recall: 0.9416 - Precision: 0.9491

Epoch: 68 | Epoch Time: 0m 49s
	Train Loss: 0.6460 - Jaccard: 0.8914 - F1: 0.9382 - Recall: 0.9376 - Precision: 0.9445
	 Val. Loss: 0.8727 - Jaccard: 0.8946 - F1: 0.9395 - Recall: 0.9402 - Precision: 0.9501

Epoch: 69 | Epoch Time: 0m 49s
	Train Loss: 0.6419 - Jaccard: 0.8894 - F1: 0.9361 - Recall: 0.9349 - Precision: 0.9457
	 Val. Loss: 0.8858 - Jaccard: 0.8950 - F1: 0.9398 - Recall: 0.9432 - Precision: 0.9477

Epoch: 70 | Epoch Time: 0m 49s
	Train Loss: 0.6430 - Jaccard: 0.8916 - F1: 0.9377 - Recall: 0.9380 - Precision: 0.9449
	 Val. Loss: 0.8882 - Jaccard: 0.8949 - F1: 0.9397 - Recall: 0.9420 - Precision: 0.9487

Epoch: 71 | Epoch Time: 0m 49s
	Train Loss: 0.6396 - Jaccard: 0.8890 - F1: 0.9360 - Recall: 0.9349 - Precision: 0.9444
	 Val. Loss: 0.8808 - Jaccard: 0.8949 - F1: 0.9397 - Recall: 0.9416 - Precision: 0.9491

Epoch: 72 | Epoch Time: 0m 49s
	Train Loss: 0.6479 - Jaccard: 0.8879 - F1: 0.9352 - Recall: 0.9342 - Precision: 0.9441
	 Val. Loss: 0.9123 - Jaccard: 0.8950 - F1: 0.9398 - Recall: 0.9420 - Precision: 0.9488

Epoch: 73 | Epoch Time: 0m 49s
	Train Loss: 0.6357 - Jaccard: 0.8890 - F1: 0.9360 - Recall: 0.9347 - Precision: 0.9450
	 Val. Loss: 0.9013 - Jaccard: 0.8950 - F1: 0.9398 - Recall: 0.9421 - Precision: 0.9487

Epoch: 74 | Epoch Time: 0m 49s
	Train Loss: 0.6309 - Jaccard: 0.8895 - F1: 0.9362 - Recall: 0.9355 - Precision: 0.9453
	 Val. Loss: 0.8665 - Jaccard: 0.8947 - F1: 0.9395 - Recall: 0.9404 - Precision: 0.9500

Epoch: 75 | Epoch Time: 0m 49s
	Train Loss: 0.6360 - Jaccard: 0.8885 - F1: 0.9356 - Recall: 0.9355 - Precision: 0.9439
	 Val. Loss: 0.9076 - Jaccard: 0.8953 - F1: 0.9400 - Recall: 0.9425 - Precision: 0.9485

Epoch: 76 | Epoch Time: 0m 49s
	Train Loss: 0.6418 - Jaccard: 0.8899 - F1: 0.9366 - Recall: 0.9358 - Precision: 0.9452
	 Val. Loss: 0.8344 - Jaccard: 0.8937 - F1: 0.9388 - Recall: 0.9376 - Precision: 0.9518

Epoch: 77 | Epoch Time: 0m 49s
	Train Loss: 0.6284 - Jaccard: 0.8897 - F1: 0.9364 - Recall: 0.9348 - Precision: 0.9467
	 Val. Loss: 0.9397 - Jaccard: 0.8957 - F1: 0.9403 - Recall: 0.9454 - Precision: 0.9462

Epoch: 78 | Epoch Time: 0m 49s
	Train Loss: 0.6399 - Jaccard: 0.8895 - F1: 0.9365 - Recall: 0.9348 - Precision: 0.9460
	 Val. Loss: 0.8848 - Jaccard: 0.8950 - F1: 0.9398 - Recall: 0.9429 - Precision: 0.9479

Epoch: 79 | Epoch Time: 0m 49s
	Train Loss: 0.6402 - Jaccard: 0.8885 - F1: 0.9352 - Recall: 0.9340 - Precision: 0.9447
	 Val. Loss: 0.8661 - Jaccard: 0.8944 - F1: 0.9393 - Recall: 0.9395 - Precision: 0.9506

Epoch: 80 | Epoch Time: 0m 49s
	Train Loss: 0.6386 - Jaccard: 0.8899 - F1: 0.9368 - Recall: 0.9356 - Precision: 0.9460
	 Val. Loss: 0.8955 - Jaccard: 0.8951 - F1: 0.9399 - Recall: 0.9425 - Precision: 0.9484

Epoch: 81 | Epoch Time: 0m 49s
	Train Loss: 0.6234 - Jaccard: 0.8908 - F1: 0.9372 - Recall: 0.9362 - Precision: 0.9460
	 Val. Loss: 0.8518 - Jaccard: 0.8938 - F1: 0.9389 - Recall: 0.9372 - Precision: 0.9523

Early stopping: validation loss stops improving from last 50 continously.
