2026-04-06 20:38:07,855 INFO    MainThread:544668 [wandb_setup.py:_flush():81] Current SDK version is 0.24.2
2026-04-06 20:38:07,855 INFO    MainThread:544668 [wandb_setup.py:_flush():81] Configure stats pid to 544668
2026-04-06 20:38:07,855 INFO    MainThread:544668 [wandb_setup.py:_flush():81] Loading settings from environment variables
2026-04-06 20:38:07,855 INFO    MainThread:544668 [wandb_init.py:setup_run_log_directory():717] Logging user logs to /home/ubuntu/Desktop/licenta_elvis/FocusNet/wandb/run-20260406_203807-jiwujmt9/logs/debug.log
2026-04-06 20:38:07,855 INFO    MainThread:544668 [wandb_init.py:setup_run_log_directory():718] Logging internal logs to /home/ubuntu/Desktop/licenta_elvis/FocusNet/wandb/run-20260406_203807-jiwujmt9/logs/debug-internal.log
2026-04-06 20:38:07,855 INFO    MainThread:544668 [wandb_init.py:init():844] calling init triggers
2026-04-06 20:38:07,856 INFO    MainThread:544668 [wandb_init.py:init():849] wandb.init called with sweep_config: {}
config: {'model': 'FocusNet', 'variant': 'DGFR+BandHead+GIN', 'setting': 'center_wise', 'image_size': 256, 'batch_size': 16, 'epochs': 500, 'lr': 0.0001, 'early_stopping_patience': 50, 'train_path': 'data/PolypDB/PolypDB_center_wise/Simula/WLI', 'use_gin': True, 'gin_p': 0.5, '_wandb': {}}
2026-04-06 20:38:07,856 INFO    MainThread:544668 [wandb_init.py:init():892] starting backend
2026-04-06 20:38:08,105 INFO    MainThread:544668 [wandb_init.py:init():895] sending inform_init request
2026-04-06 20:38:08,137 INFO    MainThread:544668 [wandb_init.py:init():903] backend started and connected
2026-04-06 20:38:08,148 INFO    MainThread:544668 [wandb_init.py:init():973] updated telemetry
2026-04-06 20:38:08,192 INFO    MainThread:544668 [wandb_init.py:init():997] communicating run to backend with 90.0 second timeout
2026-04-06 20:38:08,891 INFO    MainThread:544668 [wandb_init.py:init():1042] starting run threads in backend
2026-04-06 20:38:08,962 INFO    MainThread:544668 [wandb_run.py:_console_start():2529] atexit reg
2026-04-06 20:38:08,962 INFO    MainThread:544668 [wandb_run.py:_redirect():2377] redirect: wrap_raw
2026-04-06 20:38:08,963 INFO    MainThread:544668 [wandb_run.py:_redirect():2446] Wrapping output streams.
2026-04-06 20:38:08,963 INFO    MainThread:544668 [wandb_run.py:_redirect():2469] Redirects installed.
2026-04-06 20:38:08,968 INFO    MainThread:544668 [wandb_init.py:init():1082] run started, returning control to user process
2026-04-06 22:08:30,010 INFO    MainThread:544668 [wandb_run.py:_finish():2295] finishing run elvis89b-facultatea-de-automatic-i-calculatoare/polyp-segmentation-focusnet/jiwujmt9
2026-04-06 22:08:30,010 INFO    MainThread:544668 [wandb_run.py:_atexit_cleanup():2494] got exitcode: 0
2026-04-06 22:08:30,010 INFO    MainThread:544668 [wandb_run.py:_restore():2476] restore
2026-04-06 22:08:30,011 INFO    MainThread:544668 [wandb_run.py:_restore():2482] restore done
2026-04-06 22:08:31,222 INFO    MainThread:544668 [wandb_run.py:_footer_sync_info():3871] logging synced files
