Image Size: (256, 256)
Batch Size: 16
LR: 0.0001
Epochs: 500
Early Stopping Patience: 50
Use GIN: False
GIN p: 0.0

Dataset Size:
Train: 2046 - Valid: 255 - Test: 257
/home/ubuntu/Desktop/licenta_elvis/repo_github/model/FocusNet.py:211: FutureWarning: You are using `torch.load` with `weights_only=False` (the current default value), which uses the default pickle module implicitly. It is possible to construct malicious pickle data which will execute arbitrary code during unpickling (See https://github.com/pytorch/pytorch/blob/main/SECURITY.md#untrusted-models for more details). In a future release, the default value for `weights_only` will be flipped to `True`. This limits the functions that could be executed during unpickling. Arbitrary objects will no longer be allowed to be loaded via this mode unless they are explicitly allowlisted by the user via `torch.serialization.add_safe_globals`. We recommend you start setting `weights_only=True` for any use case where you don't have full control of the loaded file. Please open an issue on GitHub for any issues related to this experimental feature.
  save_model = torch.load(path)

train model: FocusNet
/home/ubuntu/anaconda3/envs/FocusNet/lib/python3.8/site-packages/torch/optim/lr_scheduler.py:60: UserWarning: The verbose parameter is deprecated. Please use get_last_lr() to access the learning rate.
  warnings.warn(
Optimizer: Adam
Loss: BCE Dice Loss

Valid F1 improved from 0.0000 to 0.8389. Saving checkpoint: files/center_wise/FocusNet/checkpoint.pth
Epoch: 01 | Epoch Time: 0m 54s
	Train Loss: 5.5781 - Jaccard: 0.4877 - F1: 0.6123 - Recall: 0.8581 - Precision: 0.5465
	 Val. Loss: 4.3243 - Jaccard: 0.7359 - F1: 0.8389 - Recall: 0.9568 - Precision: 0.7684

Epoch: 02 | Epoch Time: 0m 52s
	Train Loss: 4.5581 - Jaccard: 0.6587 - F1: 0.7681 - Recall: 0.9079 - Precision: 0.7113
	 Val. Loss: 3.8652 - Jaccard: 0.7278 - F1: 0.8342 - Recall: 0.9787 - Precision: 0.7426

Epoch: 03 | Epoch Time: 0m 53s
	Train Loss: 3.9864 - Jaccard: 0.7149 - F1: 0.8130 - Recall: 0.9189 - Precision: 0.7684
	 Val. Loss: 4.1455 - Jaccard: 0.7333 - F1: 0.8262 - Recall: 0.9759 - Precision: 0.7512

Valid F1 improved from 0.8389 to 0.8871. Saving checkpoint: files/center_wise/FocusNet/checkpoint.pth
Epoch: 04 | Epoch Time: 0m 53s
	Train Loss: 3.8059 - Jaccard: 0.7265 - F1: 0.8189 - Recall: 0.9134 - Precision: 0.7846
	 Val. Loss: 3.1331 - Jaccard: 0.8085 - F1: 0.8871 - Recall: 0.9650 - Precision: 0.8355

Valid F1 improved from 0.8871 to 0.9042. Saving checkpoint: files/center_wise/FocusNet/checkpoint.pth
Epoch: 05 | Epoch Time: 0m 52s
	Train Loss: 3.2696 - Jaccard: 0.7630 - F1: 0.8486 - Recall: 0.9255 - Precision: 0.8123
	 Val. Loss: 2.8930 - Jaccard: 0.8377 - F1: 0.9042 - Recall: 0.9681 - Precision: 0.8623

Epoch: 06 | Epoch Time: 0m 52s
	Train Loss: 2.9897 - Jaccard: 0.7851 - F1: 0.8641 - Recall: 0.9263 - Precision: 0.8360
	 Val. Loss: 2.5046 - Jaccard: 0.8158 - F1: 0.8861 - Recall: 0.9272 - Precision: 0.8737

Epoch: 07 | Epoch Time: 0m 53s
	Train Loss: 2.9754 - Jaccard: 0.7708 - F1: 0.8526 - Recall: 0.9185 - Precision: 0.8293
	 Val. Loss: 2.9545 - Jaccard: 0.8366 - F1: 0.9008 - Recall: 0.9655 - Precision: 0.8653

Valid F1 improved from 0.9042 to 0.9257. Saving checkpoint: files/center_wise/FocusNet/checkpoint.pth
Epoch: 08 | Epoch Time: 0m 54s
	Train Loss: 2.5248 - Jaccard: 0.7931 - F1: 0.8675 - Recall: 0.9166 - Precision: 0.8547
	 Val. Loss: 1.9888 - Jaccard: 0.8680 - F1: 0.9257 - Recall: 0.9558 - Precision: 0.9069

Valid F1 improved from 0.9257 to 0.9271. Saving checkpoint: files/center_wise/FocusNet/checkpoint.pth
Epoch: 09 | Epoch Time: 0m 55s
	Train Loss: 2.1424 - Jaccard: 0.8158 - F1: 0.8845 - Recall: 0.9234 - Precision: 0.8726
	 Val. Loss: 1.9002 - Jaccard: 0.8705 - F1: 0.9271 - Recall: 0.9552 - Precision: 0.9092

Valid F1 improved from 0.9271 to 0.9316. Saving checkpoint: files/center_wise/FocusNet/checkpoint.pth
Epoch: 10 | Epoch Time: 0m 55s
	Train Loss: 1.9337 - Jaccard: 0.8263 - F1: 0.8939 - Recall: 0.9251 - Precision: 0.8852
	 Val. Loss: 1.8382 - Jaccard: 0.8785 - F1: 0.9316 - Recall: 0.9610 - Precision: 0.9118

Epoch: 11 | Epoch Time: 0m 53s
	Train Loss: 1.7350 - Jaccard: 0.8392 - F1: 0.9031 - Recall: 0.9286 - Precision: 0.8957
	 Val. Loss: 1.9369 - Jaccard: 0.8648 - F1: 0.9202 - Recall: 0.9393 - Precision: 0.9191

Epoch: 12 | Epoch Time: 0m 54s
	Train Loss: 1.9314 - Jaccard: 0.8022 - F1: 0.8710 - Recall: 0.8990 - Precision: 0.8791
	 Val. Loss: 1.3552 - Jaccard: 0.8700 - F1: 0.9257 - Recall: 0.9402 - Precision: 0.9252

Epoch: 13 | Epoch Time: 0m 52s
	Train Loss: 1.7695 - Jaccard: 0.8158 - F1: 0.8821 - Recall: 0.9055 - Precision: 0.8879
	 Val. Loss: 1.5258 - Jaccard: 0.8676 - F1: 0.9220 - Recall: 0.9410 - Precision: 0.9208

Valid F1 improved from 0.9316 to 0.9345. Saving checkpoint: files/center_wise/FocusNet/checkpoint.pth
Epoch: 14 | Epoch Time: 0m 52s
	Train Loss: 1.5202 - Jaccard: 0.8337 - F1: 0.8969 - Recall: 0.9140 - Precision: 0.9012
	 Val. Loss: 1.1309 - Jaccard: 0.8824 - F1: 0.9345 - Recall: 0.9475 - Precision: 0.9306

Epoch: 15 | Epoch Time: 0m 51s
	Train Loss: 1.2766 - Jaccard: 0.8463 - F1: 0.9054 - Recall: 0.9186 - Precision: 0.9135
	 Val. Loss: 1.1881 - Jaccard: 0.8757 - F1: 0.9272 - Recall: 0.9349 - Precision: 0.9319

Epoch: 16 | Epoch Time: 0m 51s
	Train Loss: 1.2068 - Jaccard: 0.8534 - F1: 0.9111 - Recall: 0.9234 - Precision: 0.9171
	 Val. Loss: 1.3988 - Jaccard: 0.8789 - F1: 0.9305 - Recall: 0.9385 - Precision: 0.9349

Epoch: 17 | Epoch Time: 0m 53s
	Train Loss: 1.2644 - Jaccard: 0.8466 - F1: 0.9054 - Recall: 0.9167 - Precision: 0.9164
	 Val. Loss: 1.4503 - Jaccard: 0.8498 - F1: 0.9096 - Recall: 0.9466 - Precision: 0.8931

Epoch: 18 | Epoch Time: 0m 53s
	Train Loss: 1.1041 - Jaccard: 0.8495 - F1: 0.9083 - Recall: 0.9191 - Precision: 0.9177
	 Val. Loss: 1.0979 - Jaccard: 0.8796 - F1: 0.9311 - Recall: 0.9306 - Precision: 0.9437

Valid F1 improved from 0.9345 to 0.9359. Saving checkpoint: files/center_wise/FocusNet/checkpoint.pth
Epoch: 19 | Epoch Time: 0m 54s
	Train Loss: 1.0343 - Jaccard: 0.8610 - F1: 0.9159 - Recall: 0.9225 - Precision: 0.9261
	 Val. Loss: 1.0273 - Jaccard: 0.8884 - F1: 0.9359 - Recall: 0.9325 - Precision: 0.9485

Valid F1 improved from 0.9359 to 0.9384. Saving checkpoint: files/center_wise/FocusNet/checkpoint.pth
Epoch: 20 | Epoch Time: 0m 56s
	Train Loss: 0.8840 - Jaccard: 0.8694 - F1: 0.9221 - Recall: 0.9271 - Precision: 0.9297
	 Val. Loss: 0.9886 - Jaccard: 0.8908 - F1: 0.9384 - Recall: 0.9449 - Precision: 0.9425

Epoch: 21 | Epoch Time: 0m 54s
	Train Loss: 0.8535 - Jaccard: 0.8726 - F1: 0.9246 - Recall: 0.9281 - Precision: 0.9329
	 Val. Loss: 1.0500 - Jaccard: 0.8832 - F1: 0.9323 - Recall: 0.9484 - Precision: 0.9268

Epoch: 22 | Epoch Time: 0m 52s
	Train Loss: 0.8796 - Jaccard: 0.8716 - F1: 0.9237 - Recall: 0.9288 - Precision: 0.9321
	 Val. Loss: 1.0500 - Jaccard: 0.8834 - F1: 0.9330 - Recall: 0.9511 - Precision: 0.9275

Epoch: 23 | Epoch Time: 0m 52s
	Train Loss: 0.8672 - Jaccard: 0.8665 - F1: 0.9194 - Recall: 0.9237 - Precision: 0.9329
	 Val. Loss: 0.9639 - Jaccard: 0.8803 - F1: 0.9297 - Recall: 0.9333 - Precision: 0.9397

Epoch: 24 | Epoch Time: 0m 52s
	Train Loss: 0.9714 - Jaccard: 0.8558 - F1: 0.9104 - Recall: 0.9154 - Precision: 0.9264
	 Val. Loss: 0.9646 - Jaccard: 0.8810 - F1: 0.9305 - Recall: 0.9256 - Precision: 0.9474

Epoch: 25 | Epoch Time: 0m 52s
	Train Loss: 0.8822 - Jaccard: 0.8623 - F1: 0.9160 - Recall: 0.9213 - Precision: 0.9303
	 Val. Loss: 1.0761 - Jaccard: 0.8711 - F1: 0.9233 - Recall: 0.9494 - Precision: 0.9116

Epoch: 26 | Epoch Time: 0m 52s
	Train Loss: 0.8746 - Jaccard: 0.8635 - F1: 0.9172 - Recall: 0.9210 - Precision: 0.9300
	 Val. Loss: 0.8437 - Jaccard: 0.8855 - F1: 0.9342 - Recall: 0.9297 - Precision: 0.9520

Epoch: 27 | Epoch Time: 0m 52s
	Train Loss: 0.9945 - Jaccard: 0.8700 - F1: 0.9219 - Recall: 0.9260 - Precision: 0.9319
	 Val. Loss: 0.9308 - Jaccard: 0.8753 - F1: 0.9278 - Recall: 0.9284 - Precision: 0.9405

Epoch: 28 | Epoch Time: 0m 54s
	Train Loss: 0.9587 - Jaccard: 0.8581 - F1: 0.9143 - Recall: 0.9168 - Precision: 0.9282
	 Val. Loss: 0.8613 - Jaccard: 0.8818 - F1: 0.9325 - Recall: 0.9306 - Precision: 0.9471

Epoch: 29 | Epoch Time: 0m 53s
	Train Loss: 0.7220 - Jaccard: 0.8776 - F1: 0.9280 - Recall: 0.9291 - Precision: 0.9386
	 Val. Loss: 0.8542 - Jaccard: 0.8850 - F1: 0.9317 - Recall: 0.9385 - Precision: 0.9434

Valid F1 improved from 0.9384 to 0.9401. Saving checkpoint: files/center_wise/FocusNet/checkpoint.pth
Epoch: 30 | Epoch Time: 0m 54s
	Train Loss: 0.6617 - Jaccard: 0.8829 - F1: 0.9315 - Recall: 0.9314 - Precision: 0.9415
	 Val. Loss: 0.8965 - Jaccard: 0.8955 - F1: 0.9401 - Recall: 0.9472 - Precision: 0.9449

Epoch: 31 | Epoch Time: 0m 53s
	Train Loss: 0.6593 - Jaccard: 0.8854 - F1: 0.9340 - Recall: 0.9338 - Precision: 0.9434
	 Val. Loss: 0.7908 - Jaccard: 0.8853 - F1: 0.9337 - Recall: 0.9286 - Precision: 0.9530

Epoch: 32 | Epoch Time: 0m 51s
	Train Loss: 0.7442 - Jaccard: 0.8724 - F1: 0.9235 - Recall: 0.9256 - Precision: 0.9364
	 Val. Loss: 0.9663 - Jaccard: 0.8739 - F1: 0.9253 - Recall: 0.9468 - Precision: 0.9233

Epoch: 33 | Epoch Time: 0m 52s
	Train Loss: 0.6766 - Jaccard: 0.8817 - F1: 0.9306 - Recall: 0.9322 - Precision: 0.9393
	 Val. Loss: 0.8070 - Jaccard: 0.8877 - F1: 0.9352 - Recall: 0.9232 - Precision: 0.9572

Epoch: 34 | Epoch Time: 0m 51s
	Train Loss: 0.6365 - Jaccard: 0.8875 - F1: 0.9343 - Recall: 0.9349 - Precision: 0.9441
	 Val. Loss: 0.9323 - Jaccard: 0.8862 - F1: 0.9344 - Recall: 0.9418 - Precision: 0.9396

Epoch: 35 | Epoch Time: 0m 53s
	Train Loss: 0.7561 - Jaccard: 0.8697 - F1: 0.9209 - Recall: 0.9231 - Precision: 0.9358
	 Val. Loss: 0.8046 - Jaccard: 0.8819 - F1: 0.9309 - Recall: 0.9308 - Precision: 0.9434

Epoch: 36 | Epoch Time: 0m 53s
	Train Loss: 0.5958 - Jaccard: 0.8882 - F1: 0.9355 - Recall: 0.9345 - Precision: 0.9451
	 Val. Loss: 0.7527 - Jaccard: 0.8961 - F1: 0.9392 - Recall: 0.9393 - Precision: 0.9524

Epoch: 37 | Epoch Time: 0m 54s
	Train Loss: 0.6946 - Jaccard: 0.8803 - F1: 0.9294 - Recall: 0.9314 - Precision: 0.9393
	 Val. Loss: 1.0921 - Jaccard: 0.8611 - F1: 0.9136 - Recall: 0.9046 - Precision: 0.9520

Epoch: 38 | Epoch Time: 0m 55s
	Train Loss: 0.6217 - Jaccard: 0.8874 - F1: 0.9348 - Recall: 0.9351 - Precision: 0.9445
	 Val. Loss: 0.7910 - Jaccard: 0.8949 - F1: 0.9397 - Recall: 0.9551 - Precision: 0.9367

Epoch: 39 | Epoch Time: 0m 54s
	Train Loss: 0.6057 - Jaccard: 0.8885 - F1: 0.9352 - Recall: 0.9363 - Precision: 0.9451
	 Val. Loss: 0.8082 - Jaccard: 0.8911 - F1: 0.9363 - Recall: 0.9381 - Precision: 0.9495

Valid F1 improved from 0.9401 to 0.9427. Saving checkpoint: files/center_wise/FocusNet/checkpoint.pth
Epoch: 40 | Epoch Time: 0m 53s
	Train Loss: 0.6034 - Jaccard: 0.8876 - F1: 0.9337 - Recall: 0.9336 - Precision: 0.9452
	 Val. Loss: 0.7072 - Jaccard: 0.8984 - F1: 0.9427 - Recall: 0.9345 - Precision: 0.9608

Valid F1 improved from 0.9427 to 0.9429. Saving checkpoint: files/center_wise/FocusNet/checkpoint.pth
Epoch: 41 | Epoch Time: 0m 53s
	Train Loss: 0.5648 - Jaccard: 0.8938 - F1: 0.9389 - Recall: 0.9393 - Precision: 0.9474
	 Val. Loss: 0.7530 - Jaccard: 0.8974 - F1: 0.9429 - Recall: 0.9309 - Precision: 0.9634

Epoch: 42 | Epoch Time: 0m 51s
	Train Loss: 0.5781 - Jaccard: 0.8953 - F1: 0.9398 - Recall: 0.9399 - Precision: 0.9490
	 Val. Loss: 0.8562 - Jaccard: 0.8829 - F1: 0.9310 - Recall: 0.9324 - Precision: 0.9445

Valid F1 improved from 0.9429 to 0.9441. Saving checkpoint: files/center_wise/FocusNet/checkpoint.pth
Epoch: 43 | Epoch Time: 0m 52s
	Train Loss: 0.5721 - Jaccard: 0.8929 - F1: 0.9384 - Recall: 0.9389 - Precision: 0.9465
	 Val. Loss: 0.7528 - Jaccard: 0.9009 - F1: 0.9441 - Recall: 0.9419 - Precision: 0.9563

Epoch: 44 | Epoch Time: 0m 51s
	Train Loss: 0.5105 - Jaccard: 0.9026 - F1: 0.9442 - Recall: 0.9427 - Precision: 0.9541
	 Val. Loss: 0.7237 - Jaccard: 0.9005 - F1: 0.9436 - Recall: 0.9470 - Precision: 0.9505

Epoch: 45 | Epoch Time: 0m 54s
	Train Loss: 0.6480 - Jaccard: 0.8899 - F1: 0.9361 - Recall: 0.9390 - Precision: 0.9433
	 Val. Loss: 1.3459 - Jaccard: 0.8485 - F1: 0.9056 - Recall: 0.8980 - Precision: 0.9441

Valid F1 improved from 0.9441 to 0.9450. Saving checkpoint: files/center_wise/FocusNet/checkpoint.pth
Epoch: 46 | Epoch Time: 0m 54s
	Train Loss: 0.7515 - Jaccard: 0.8744 - F1: 0.9255 - Recall: 0.9264 - Precision: 0.9369
	 Val. Loss: 0.6695 - Jaccard: 0.9038 - F1: 0.9450 - Recall: 0.9449 - Precision: 0.9524

Epoch: 47 | Epoch Time: 0m 54s
	Train Loss: 0.5286 - Jaccard: 0.8981 - F1: 0.9425 - Recall: 0.9425 - Precision: 0.9495
	 Val. Loss: 0.7467 - Jaccard: 0.9007 - F1: 0.9435 - Recall: 0.9548 - Precision: 0.9397

Valid F1 improved from 0.9450 to 0.9455. Saving checkpoint: files/center_wise/FocusNet/checkpoint.pth
Epoch: 48 | Epoch Time: 0m 54s
	Train Loss: 0.5781 - Jaccard: 0.8964 - F1: 0.9405 - Recall: 0.9401 - Precision: 0.9492
	 Val. Loss: 0.6623 - Jaccard: 0.9033 - F1: 0.9455 - Recall: 0.9390 - Precision: 0.9603

Epoch: 49 | Epoch Time: 0m 52s
	Train Loss: 0.6316 - Jaccard: 0.8883 - F1: 0.9346 - Recall: 0.9368 - Precision: 0.9440
	 Val. Loss: 0.6759 - Jaccard: 0.9013 - F1: 0.9447 - Recall: 0.9369 - Precision: 0.9617

Valid F1 improved from 0.9455 to 0.9455. Saving checkpoint: files/center_wise/FocusNet/checkpoint.pth
Epoch: 50 | Epoch Time: 0m 52s
	Train Loss: 0.5153 - Jaccard: 0.8975 - F1: 0.9409 - Recall: 0.9399 - Precision: 0.9507
	 Val. Loss: 0.7001 - Jaccard: 0.9036 - F1: 0.9455 - Recall: 0.9428 - Precision: 0.9579

Epoch: 51 | Epoch Time: 0m 52s
	Train Loss: 0.4951 - Jaccard: 0.9037 - F1: 0.9453 - Recall: 0.9453 - Precision: 0.9518
	 Val. Loss: 0.7082 - Jaccard: 0.9014 - F1: 0.9443 - Recall: 0.9429 - Precision: 0.9555

Epoch: 52 | Epoch Time: 0m 53s
	Train Loss: 0.4587 - Jaccard: 0.9102 - F1: 0.9501 - Recall: 0.9495 - Precision: 0.9556
	 Val. Loss: 0.6973 - Jaccard: 0.9031 - F1: 0.9447 - Recall: 0.9412 - Precision: 0.9592

Valid F1 improved from 0.9455 to 0.9486. Saving checkpoint: files/center_wise/FocusNet/checkpoint.pth
Epoch: 53 | Epoch Time: 0m 55s
	Train Loss: 0.4495 - Jaccard: 0.9115 - F1: 0.9508 - Recall: 0.9496 - Precision: 0.9571
	 Val. Loss: 0.6941 - Jaccard: 0.9084 - F1: 0.9486 - Recall: 0.9530 - Precision: 0.9528

Epoch: 54 | Epoch Time: 0m 55s
	Train Loss: 0.4526 - Jaccard: 0.9110 - F1: 0.9502 - Recall: 0.9500 - Precision: 0.9558
	 Val. Loss: 0.6524 - Jaccard: 0.9080 - F1: 0.9479 - Recall: 0.9489 - Precision: 0.9566

Epoch: 55 | Epoch Time: 0m 57s
	Train Loss: 0.4723 - Jaccard: 0.9082 - F1: 0.9480 - Recall: 0.9484 - Precision: 0.9547
	 Val. Loss: 0.7332 - Jaccard: 0.9033 - F1: 0.9455 - Recall: 0.9507 - Precision: 0.9496

Epoch: 56 | Epoch Time: 0m 56s
	Train Loss: 0.4663 - Jaccard: 0.9105 - F1: 0.9497 - Recall: 0.9501 - Precision: 0.9543
	 Val. Loss: 0.7307 - Jaccard: 0.9026 - F1: 0.9450 - Recall: 0.9504 - Precision: 0.9493

Epoch: 57 | Epoch Time: 0m 54s
	Train Loss: 0.4468 - Jaccard: 0.9122 - F1: 0.9512 - Recall: 0.9509 - Precision: 0.9570
	 Val. Loss: 0.8084 - Jaccard: 0.9049 - F1: 0.9465 - Recall: 0.9562 - Precision: 0.9460

Epoch: 58 | Epoch Time: 0m 52s
	Train Loss: 0.4393 - Jaccard: 0.9149 - F1: 0.9527 - Recall: 0.9523 - Precision: 0.9573
	 Val. Loss: 0.7923 - Jaccard: 0.8993 - F1: 0.9415 - Recall: 0.9414 - Precision: 0.9513

Epoch: 59 | Epoch Time: 0m 54s
	Train Loss: 0.4512 - Jaccard: 0.9118 - F1: 0.9505 - Recall: 0.9513 - Precision: 0.9552
	 Val. Loss: 0.7752 - Jaccard: 0.9038 - F1: 0.9443 - Recall: 0.9424 - Precision: 0.9588

Epoch: 60 | Epoch Time: 0m 55s
	Train Loss: 0.4386 - Jaccard: 0.9159 - F1: 0.9536 - Recall: 0.9535 - Precision: 0.9576
	 Val. Loss: 0.7722 - Jaccard: 0.9000 - F1: 0.9429 - Recall: 0.9393 - Precision: 0.9578

Epoch: 61 | Epoch Time: 0m 56s
	Train Loss: 0.4163 - Jaccard: 0.9178 - F1: 0.9545 - Recall: 0.9532 - Precision: 0.9604
	 Val. Loss: 0.7494 - Jaccard: 0.9052 - F1: 0.9463 - Recall: 0.9459 - Precision: 0.9567

Epoch: 62 | Epoch Time: 0m 56s
	Train Loss: 0.4056 - Jaccard: 0.9211 - F1: 0.9566 - Recall: 0.9559 - Precision: 0.9615
	 Val. Loss: 0.7314 - Jaccard: 0.9072 - F1: 0.9476 - Recall: 0.9452 - Precision: 0.9595

Epoch: 63 | Epoch Time: 0m 55s
	Train Loss: 0.4057 - Jaccard: 0.9206 - F1: 0.9562 - Recall: 0.9563 - Precision: 0.9599
	 Val. Loss: 0.7415 - Jaccard: 0.9077 - F1: 0.9478 - Recall: 0.9465 - Precision: 0.9587

Epoch: 64 | Epoch Time: 0m 55s
	Train Loss: 0.4088 - Jaccard: 0.9206 - F1: 0.9560 - Recall: 0.9555 - Precision: 0.9608
	 Val. Loss: 0.7487 - Jaccard: 0.9082 - F1: 0.9480 - Recall: 0.9467 - Precision: 0.9590

Epoch: 65 | Epoch Time: 0m 55s
	Train Loss: 0.4007 - Jaccard: 0.9222 - F1: 0.9575 - Recall: 0.9575 - Precision: 0.9607
	 Val. Loss: 0.7444 - Jaccard: 0.9088 - F1: 0.9484 - Recall: 0.9470 - Precision: 0.9593

Epoch: 66 | Epoch Time: 0m 55s
	Train Loss: 0.3956 - Jaccard: 0.9230 - F1: 0.9577 - Recall: 0.9576 - Precision: 0.9616
	 Val. Loss: 0.7445 - Jaccard: 0.9084 - F1: 0.9483 - Recall: 0.9485 - Precision: 0.9573

Epoch: 67 | Epoch Time: 0m 55s
	Train Loss: 0.3978 - Jaccard: 0.9229 - F1: 0.9579 - Recall: 0.9586 - Precision: 0.9604
	 Val. Loss: 0.7344 - Jaccard: 0.9079 - F1: 0.9480 - Recall: 0.9471 - Precision: 0.9583

Epoch: 68 | Epoch Time: 0m 56s
	Train Loss: 0.3919 - Jaccard: 0.9236 - F1: 0.9583 - Recall: 0.9588 - Precision: 0.9610
	 Val. Loss: 0.7490 - Jaccard: 0.9085 - F1: 0.9483 - Recall: 0.9490 - Precision: 0.9569

Epoch: 69 | Epoch Time: 0m 56s
	Train Loss: 0.3904 - Jaccard: 0.9232 - F1: 0.9576 - Recall: 0.9577 - Precision: 0.9615
	 Val. Loss: 0.7536 - Jaccard: 0.9084 - F1: 0.9483 - Recall: 0.9478 - Precision: 0.9580

Epoch: 70 | Epoch Time: 0m 54s
	Train Loss: 0.3895 - Jaccard: 0.9237 - F1: 0.9582 - Recall: 0.9579 - Precision: 0.9618
	 Val. Loss: 0.7419 - Jaccard: 0.9083 - F1: 0.9483 - Recall: 0.9478 - Precision: 0.9580

Epoch: 71 | Epoch Time: 0m 54s
	Train Loss: 0.3911 - Jaccard: 0.9236 - F1: 0.9583 - Recall: 0.9577 - Precision: 0.9622
	 Val. Loss: 0.7609 - Jaccard: 0.9086 - F1: 0.9484 - Recall: 0.9483 - Precision: 0.9577

Epoch: 72 | Epoch Time: 0m 53s
	Train Loss: 0.3924 - Jaccard: 0.9229 - F1: 0.9575 - Recall: 0.9568 - Precision: 0.9623
	 Val. Loss: 0.7465 - Jaccard: 0.9084 - F1: 0.9483 - Recall: 0.9474 - Precision: 0.9585

Epoch: 73 | Epoch Time: 0m 55s
	Train Loss: 0.3885 - Jaccard: 0.9236 - F1: 0.9579 - Recall: 0.9573 - Precision: 0.9626
	 Val. Loss: 0.7475 - Jaccard: 0.9086 - F1: 0.9484 - Recall: 0.9488 - Precision: 0.9572

Epoch: 74 | Epoch Time: 0m 52s
	Train Loss: 0.3958 - Jaccard: 0.9235 - F1: 0.9580 - Recall: 0.9581 - Precision: 0.9609
	 Val. Loss: 0.7512 - Jaccard: 0.9085 - F1: 0.9484 - Recall: 0.9479 - Precision: 0.9580

Epoch: 75 | Epoch Time: 0m 53s
	Train Loss: 0.3921 - Jaccard: 0.9233 - F1: 0.9577 - Recall: 0.9574 - Precision: 0.9619
	 Val. Loss: 0.7485 - Jaccard: 0.9085 - F1: 0.9484 - Recall: 0.9482 - Precision: 0.9578

Epoch: 76 | Epoch Time: 0m 54s
	Train Loss: 0.3888 - Jaccard: 0.9245 - F1: 0.9587 - Recall: 0.9594 - Precision: 0.9609
	 Val. Loss: 0.7476 - Jaccard: 0.9086 - F1: 0.9485 - Recall: 0.9489 - Precision: 0.9572

Epoch: 77 | Epoch Time: 0m 54s
	Train Loss: 0.3914 - Jaccard: 0.9242 - F1: 0.9584 - Recall: 0.9585 - Precision: 0.9623
	 Val. Loss: 0.7485 - Jaccard: 0.9086 - F1: 0.9485 - Recall: 0.9481 - Precision: 0.9580

Epoch: 78 | Epoch Time: 0m 54s
	Train Loss: 0.3929 - Jaccard: 0.9231 - F1: 0.9576 - Recall: 0.9568 - Precision: 0.9614
	 Val. Loss: 0.7524 - Jaccard: 0.9086 - F1: 0.9484 - Recall: 0.9484 - Precision: 0.9576

Epoch: 79 | Epoch Time: 0m 54s
	Train Loss: 0.3901 - Jaccard: 0.9245 - F1: 0.9589 - Recall: 0.9581 - Precision: 0.9625
	 Val. Loss: 0.7466 - Jaccard: 0.9085 - F1: 0.9484 - Recall: 0.9476 - Precision: 0.9583

Epoch: 80 | Epoch Time: 0m 53s
	Train Loss: 0.3941 - Jaccard: 0.9223 - F1: 0.9570 - Recall: 0.9560 - Precision: 0.9625
	 Val. Loss: 0.7528 - Jaccard: 0.9086 - F1: 0.9484 - Recall: 0.9482 - Precision: 0.9579

Epoch: 81 | Epoch Time: 0m 53s
	Train Loss: 0.3906 - Jaccard: 0.9234 - F1: 0.9575 - Recall: 0.9571 - Precision: 0.9617
	 Val. Loss: 0.7519 - Jaccard: 0.9085 - F1: 0.9484 - Recall: 0.9482 - Precision: 0.9578

Epoch: 82 | Epoch Time: 0m 53s
	Train Loss: 0.3897 - Jaccard: 0.9229 - F1: 0.9575 - Recall: 0.9574 - Precision: 0.9611
	 Val. Loss: 0.7521 - Jaccard: 0.9086 - F1: 0.9484 - Recall: 0.9486 - Precision: 0.9575

Epoch: 83 | Epoch Time: 0m 54s
	Train Loss: 0.4031 - Jaccard: 0.9228 - F1: 0.9576 - Recall: 0.9573 - Precision: 0.9613
	 Val. Loss: 0.7562 - Jaccard: 0.9084 - F1: 0.9483 - Recall: 0.9476 - Precision: 0.9583

Epoch: 84 | Epoch Time: 0m 54s
	Train Loss: 0.3949 - Jaccard: 0.9230 - F1: 0.9575 - Recall: 0.9586 - Precision: 0.9600
	 Val. Loss: 0.7440 - Jaccard: 0.9084 - F1: 0.9483 - Recall: 0.9484 - Precision: 0.9575

Epoch: 85 | Epoch Time: 0m 55s
	Train Loss: 0.3997 - Jaccard: 0.9236 - F1: 0.9584 - Recall: 0.9584 - Precision: 0.9618
	 Val. Loss: 0.7610 - Jaccard: 0.9085 - F1: 0.9484 - Recall: 0.9483 - Precision: 0.9577

Epoch: 86 | Epoch Time: 0m 54s
	Train Loss: 0.3955 - Jaccard: 0.9228 - F1: 0.9575 - Recall: 0.9576 - Precision: 0.9610
	 Val. Loss: 0.7429 - Jaccard: 0.9084 - F1: 0.9483 - Recall: 0.9480 - Precision: 0.9578

Epoch: 87 | Epoch Time: 0m 53s
	Train Loss: 0.3925 - Jaccard: 0.9216 - F1: 0.9565 - Recall: 0.9559 - Precision: 0.9617
	 Val. Loss: 0.7627 - Jaccard: 0.9087 - F1: 0.9485 - Recall: 0.9487 - Precision: 0.9574

Epoch: 88 | Epoch Time: 0m 54s
	Train Loss: 0.3893 - Jaccard: 0.9243 - F1: 0.9585 - Recall: 0.9583 - Precision: 0.9621
	 Val. Loss: 0.7621 - Jaccard: 0.9087 - F1: 0.9485 - Recall: 0.9490 - Precision: 0.9571

Epoch: 89 | Epoch Time: 0m 53s
	Train Loss: 0.3928 - Jaccard: 0.9234 - F1: 0.9579 - Recall: 0.9587 - Precision: 0.9611
	 Val. Loss: 0.7493 - Jaccard: 0.9083 - F1: 0.9483 - Recall: 0.9479 - Precision: 0.9578

Epoch: 90 | Epoch Time: 0m 55s
	Train Loss: 0.3951 - Jaccard: 0.9237 - F1: 0.9584 - Recall: 0.9583 - Precision: 0.9612
	 Val. Loss: 0.7568 - Jaccard: 0.9085 - F1: 0.9484 - Recall: 0.9477 - Precision: 0.9582

Epoch: 91 | Epoch Time: 0m 56s
	Train Loss: 0.3970 - Jaccard: 0.9232 - F1: 0.9580 - Recall: 0.9585 - Precision: 0.9607
	 Val. Loss: 0.7557 - Jaccard: 0.9086 - F1: 0.9484 - Recall: 0.9480 - Precision: 0.9581

Epoch: 92 | Epoch Time: 0m 57s
	Train Loss: 0.3876 - Jaccard: 0.9241 - F1: 0.9583 - Recall: 0.9583 - Precision: 0.9618
	 Val. Loss: 0.7521 - Jaccard: 0.9087 - F1: 0.9485 - Recall: 0.9487 - Precision: 0.9574

Epoch: 93 | Epoch Time: 0m 56s
	Train Loss: 0.3890 - Jaccard: 0.9235 - F1: 0.9578 - Recall: 0.9582 - Precision: 0.9611
	 Val. Loss: 0.7485 - Jaccard: 0.9086 - F1: 0.9485 - Recall: 0.9486 - Precision: 0.9575

Epoch: 94 | Epoch Time: 0m 53s
	Train Loss: 0.3978 - Jaccard: 0.9225 - F1: 0.9573 - Recall: 0.9574 - Precision: 0.9613
	 Val. Loss: 0.7442 - Jaccard: 0.9086 - F1: 0.9485 - Recall: 0.9489 - Precision: 0.9571

Epoch: 95 | Epoch Time: 0m 54s
	Train Loss: 0.3946 - Jaccard: 0.9216 - F1: 0.9563 - Recall: 0.9565 - Precision: 0.9603
	 Val. Loss: 0.7487 - Jaccard: 0.9085 - F1: 0.9484 - Recall: 0.9485 - Precision: 0.9575

Epoch: 96 | Epoch Time: 0m 53s
	Train Loss: 0.3966 - Jaccard: 0.9232 - F1: 0.9578 - Recall: 0.9574 - Precision: 0.9621
	 Val. Loss: 0.7515 - Jaccard: 0.9085 - F1: 0.9484 - Recall: 0.9481 - Precision: 0.9579

Epoch: 97 | Epoch Time: 0m 55s
	Train Loss: 0.4003 - Jaccard: 0.9233 - F1: 0.9577 - Recall: 0.9578 - Precision: 0.9615
	 Val. Loss: 0.7516 - Jaccard: 0.9086 - F1: 0.9484 - Recall: 0.9487 - Precision: 0.9574

Epoch: 98 | Epoch Time: 0m 55s
	Train Loss: 0.3956 - Jaccard: 0.9239 - F1: 0.9584 - Recall: 0.9579 - Precision: 0.9620
	 Val. Loss: 0.7418 - Jaccard: 0.9083 - F1: 0.9483 - Recall: 0.9469 - Precision: 0.9589

Epoch: 99 | Epoch Time: 0m 55s
	Train Loss: 0.3931 - Jaccard: 0.9228 - F1: 0.9575 - Recall: 0.9575 - Precision: 0.9610
	 Val. Loss: 0.7442 - Jaccard: 0.9085 - F1: 0.9484 - Recall: 0.9483 - Precision: 0.9577

Epoch: 100 | Epoch Time: 0m 54s
	Train Loss: 0.3932 - Jaccard: 0.9229 - F1: 0.9577 - Recall: 0.9572 - Precision: 0.9613
	 Val. Loss: 0.7365 - Jaccard: 0.9083 - F1: 0.9483 - Recall: 0.9477 - Precision: 0.9580

Epoch: 101 | Epoch Time: 0m 53s
	Train Loss: 0.3896 - Jaccard: 0.9230 - F1: 0.9573 - Recall: 0.9569 - Precision: 0.9615
	 Val. Loss: 0.7354 - Jaccard: 0.9083 - F1: 0.9482 - Recall: 0.9476 - Precision: 0.9581

Epoch: 102 | Epoch Time: 0m 54s
	Train Loss: 0.3889 - Jaccard: 0.9242 - F1: 0.9584 - Recall: 0.9588 - Precision: 0.9619
	 Val. Loss: 0.7378 - Jaccard: 0.9083 - F1: 0.9483 - Recall: 0.9474 - Precision: 0.9584

Epoch: 103 | Epoch Time: 0m 55s
	Train Loss: 0.3938 - Jaccard: 0.9225 - F1: 0.9575 - Recall: 0.9573 - Precision: 0.9612
	 Val. Loss: 0.7634 - Jaccard: 0.9088 - F1: 0.9485 - Recall: 0.9490 - Precision: 0.9572

Early stopping: validation loss stops improving from last 50 continously.
