Image Size: (256, 256)
Batch Size: 16
LR: 0.0001
Epochs: 500
Early Stopping Patience: 50
Use FreqAmpMix: True
FAM p: 0.5
FAM alpha: 0.2

Dataset Size:
Train: 2870 - Valid: 358 - Test: 360
/home/ubuntu/Desktop/licenta_elvis/FocusNet/model/FocusNet.py:190: FutureWarning: You are using `torch.load` with `weights_only=False` (the current default value), which uses the default pickle module implicitly. It is possible to construct malicious pickle data which will execute arbitrary code during unpickling (See https://github.com/pytorch/pytorch/blob/main/SECURITY.md#untrusted-models for more details). In a future release, the default value for `weights_only` will be flipped to `True`. This limits the functions that could be executed during unpickling. Arbitrary objects will no longer be allowed to be loaded via this mode unless they are explicitly allowlisted by the user via `torch.serialization.add_safe_globals`. We recommend you start setting `weights_only=True` for any use case where you don't have full control of the loaded file. Please open an issue on GitHub for any issues related to this experimental feature.
  save_model = torch.load(path)

train model: FocusNet
/home/ubuntu/anaconda3/envs/FocusNet/lib/python3.8/site-packages/torch/optim/lr_scheduler.py:60: UserWarning: The verbose parameter is deprecated. Please use get_last_lr() to access the learning rate.
  warnings.warn(
Optimizer: Adam
Loss: BCE Dice Loss

Valid F1 improved from 0.0000 to 0.7896. Saving checkpoint: files/modality_wise/FocusNet/checkpoint.pth
Epoch: 01 | Epoch Time: 5m 36s
	Train Loss: 5.4635 - Jaccard: 0.5188 - F1: 0.6420 - Recall: 0.8698 - Precision: 0.5763
	 Val. Loss: 4.5041 - Jaccard: 0.6657 - F1: 0.7896 - Recall: 0.9618 - Precision: 0.6907

Valid F1 improved from 0.7896 to 0.8524. Saving checkpoint: files/modality_wise/FocusNet/checkpoint.pth
Epoch: 02 | Epoch Time: 5m 51s
	Train Loss: 4.5397 - Jaccard: 0.6700 - F1: 0.7762 - Recall: 0.9097 - Precision: 0.7246
	 Val. Loss: 3.5671 - Jaccard: 0.7607 - F1: 0.8524 - Recall: 0.9765 - Precision: 0.7778

Valid F1 improved from 0.8524 to 0.8951. Saving checkpoint: files/modality_wise/FocusNet/checkpoint.pth
Epoch: 03 | Epoch Time: 5m 51s
	Train Loss: 3.9715 - Jaccard: 0.7161 - F1: 0.8110 - Recall: 0.9113 - Precision: 0.7737
	 Val. Loss: 3.3253 - Jaccard: 0.8204 - F1: 0.8951 - Recall: 0.9653 - Precision: 0.8489

Valid F1 improved from 0.8951 to 0.9094. Saving checkpoint: files/modality_wise/FocusNet/checkpoint.pth
Epoch: 04 | Epoch Time: 5m 56s
	Train Loss: 3.4620 - Jaccard: 0.7476 - F1: 0.8342 - Recall: 0.9146 - Precision: 0.8059
	 Val. Loss: 2.8824 - Jaccard: 0.8458 - F1: 0.9094 - Recall: 0.9368 - Precision: 0.8989

Epoch: 05 | Epoch Time: 5m 52s
	Train Loss: 2.9979 - Jaccard: 0.7702 - F1: 0.8514 - Recall: 0.9169 - Precision: 0.8285
	 Val. Loss: 2.6259 - Jaccard: 0.8245 - F1: 0.8902 - Recall: 0.9163 - Precision: 0.8930

Epoch: 06 | Epoch Time: 5m 48s
	Train Loss: 2.7284 - Jaccard: 0.7873 - F1: 0.8636 - Recall: 0.9153 - Precision: 0.8504
	 Val. Loss: 2.5699 - Jaccard: 0.8096 - F1: 0.8870 - Recall: 0.9561 - Precision: 0.8467

Epoch: 07 | Epoch Time: 5m 42s
	Train Loss: 2.3823 - Jaccard: 0.7963 - F1: 0.8690 - Recall: 0.9107 - Precision: 0.8597
	 Val. Loss: 2.0456 - Jaccard: 0.8303 - F1: 0.8959 - Recall: 0.9327 - Precision: 0.8867

Epoch: 08 | Epoch Time: 5m 43s
	Train Loss: 2.0661 - Jaccard: 0.8063 - F1: 0.8769 - Recall: 0.9093 - Precision: 0.8741
	 Val. Loss: 2.0172 - Jaccard: 0.8455 - F1: 0.9069 - Recall: 0.9620 - Precision: 0.8777

Valid F1 improved from 0.9094 to 0.9151. Saving checkpoint: files/modality_wise/FocusNet/checkpoint.pth
Epoch: 09 | Epoch Time: 6m 0s
	Train Loss: 1.9512 - Jaccard: 0.8043 - F1: 0.8742 - Recall: 0.9010 - Precision: 0.8779
	 Val. Loss: 1.5888 - Jaccard: 0.8557 - F1: 0.9151 - Recall: 0.9385 - Precision: 0.9078

Epoch: 10 | Epoch Time: 5m 49s
	Train Loss: 1.6574 - Jaccard: 0.8130 - F1: 0.8801 - Recall: 0.9007 - Precision: 0.8901
	 Val. Loss: 1.4312 - Jaccard: 0.8486 - F1: 0.9084 - Recall: 0.9397 - Precision: 0.9009

Valid F1 improved from 0.9151 to 0.9208. Saving checkpoint: files/modality_wise/FocusNet/checkpoint.pth
Epoch: 11 | Epoch Time: 5m 45s
	Train Loss: 1.4704 - Jaccard: 0.8245 - F1: 0.8883 - Recall: 0.9042 - Precision: 0.9005
	 Val. Loss: 1.3002 - Jaccard: 0.8653 - F1: 0.9208 - Recall: 0.9246 - Precision: 0.9360

Epoch: 12 | Epoch Time: 5m 59s
	Train Loss: 1.4530 - Jaccard: 0.8239 - F1: 0.8883 - Recall: 0.9018 - Precision: 0.9044
	 Val. Loss: 1.2030 - Jaccard: 0.8645 - F1: 0.9188 - Recall: 0.9297 - Precision: 0.9257

Valid F1 improved from 0.9208 to 0.9230. Saving checkpoint: files/modality_wise/FocusNet/checkpoint.pth
Epoch: 13 | Epoch Time: 5m 52s
	Train Loss: 1.2985 - Jaccard: 0.8360 - F1: 0.8974 - Recall: 0.9068 - Precision: 0.9091
	 Val. Loss: 1.0921 - Jaccard: 0.8680 - F1: 0.9230 - Recall: 0.9172 - Precision: 0.9464

Valid F1 improved from 0.9230 to 0.9269. Saving checkpoint: files/modality_wise/FocusNet/checkpoint.pth
Epoch: 14 | Epoch Time: 6m 9s
	Train Loss: 1.2617 - Jaccard: 0.8268 - F1: 0.8881 - Recall: 0.8968 - Precision: 0.9085
	 Val. Loss: 1.0655 - Jaccard: 0.8730 - F1: 0.9269 - Recall: 0.9180 - Precision: 0.9508

Valid F1 improved from 0.9269 to 0.9320. Saving checkpoint: files/modality_wise/FocusNet/checkpoint.pth
Epoch: 15 | Epoch Time: 5m 56s
	Train Loss: 1.0115 - Jaccard: 0.8461 - F1: 0.9041 - Recall: 0.9076 - Precision: 0.9228
	 Val. Loss: 1.2016 - Jaccard: 0.8820 - F1: 0.9320 - Recall: 0.9420 - Precision: 0.9330

Epoch: 16 | Epoch Time: 6m 1s
	Train Loss: 0.9736 - Jaccard: 0.8507 - F1: 0.9085 - Recall: 0.9120 - Precision: 0.9229
	 Val. Loss: 0.9838 - Jaccard: 0.8773 - F1: 0.9301 - Recall: 0.9157 - Precision: 0.9580

Epoch: 17 | Epoch Time: 5m 55s
	Train Loss: 0.9870 - Jaccard: 0.8427 - F1: 0.9017 - Recall: 0.9048 - Precision: 0.9222
	 Val. Loss: 1.1806 - Jaccard: 0.8600 - F1: 0.9164 - Recall: 0.9025 - Precision: 0.9498

Epoch: 18 | Epoch Time: 6m 0s
	Train Loss: 0.8718 - Jaccard: 0.8504 - F1: 0.9074 - Recall: 0.9084 - Precision: 0.9258
	 Val. Loss: 1.1854 - Jaccard: 0.8817 - F1: 0.9301 - Recall: 0.9364 - Precision: 0.9362

Epoch: 19 | Epoch Time: 5m 36s
	Train Loss: 0.8047 - Jaccard: 0.8601 - F1: 0.9149 - Recall: 0.9152 - Precision: 0.9314
	 Val. Loss: 0.9621 - Jaccard: 0.8759 - F1: 0.9272 - Recall: 0.9090 - Precision: 0.9607

Valid F1 improved from 0.9320 to 0.9382. Saving checkpoint: files/modality_wise/FocusNet/checkpoint.pth
Epoch: 20 | Epoch Time: 6m 7s
	Train Loss: 0.7905 - Jaccard: 0.8619 - F1: 0.9166 - Recall: 0.9179 - Precision: 0.9320
	 Val. Loss: 0.9176 - Jaccard: 0.8913 - F1: 0.9382 - Recall: 0.9384 - Precision: 0.9494

Epoch: 21 | Epoch Time: 6m 0s
	Train Loss: 0.7479 - Jaccard: 0.8653 - F1: 0.9190 - Recall: 0.9187 - Precision: 0.9339
	 Val. Loss: 0.9431 - Jaccard: 0.8862 - F1: 0.9341 - Recall: 0.9255 - Precision: 0.9539

Epoch: 22 | Epoch Time: 5m 57s
	Train Loss: 0.7504 - Jaccard: 0.8631 - F1: 0.9170 - Recall: 0.9162 - Precision: 0.9327
	 Val. Loss: 0.9168 - Jaccard: 0.8837 - F1: 0.9315 - Recall: 0.9286 - Precision: 0.9512

Epoch: 23 | Epoch Time: 5m 57s
	Train Loss: 0.7537 - Jaccard: 0.8630 - F1: 0.9160 - Recall: 0.9146 - Precision: 0.9356
	 Val. Loss: 1.4017 - Jaccard: 0.8384 - F1: 0.8956 - Recall: 0.8876 - Precision: 0.9412

Epoch: 24 | Epoch Time: 5m 50s
	Train Loss: 0.7736 - Jaccard: 0.8608 - F1: 0.9160 - Recall: 0.9168 - Precision: 0.9314
	 Val. Loss: 0.9039 - Jaccard: 0.8829 - F1: 0.9316 - Recall: 0.9243 - Precision: 0.9554

Epoch: 25 | Epoch Time: 6m 8s
	Train Loss: 0.7401 - Jaccard: 0.8698 - F1: 0.9215 - Recall: 0.9217 - Precision: 0.9363
	 Val. Loss: 1.1024 - Jaccard: 0.8684 - F1: 0.9186 - Recall: 0.9318 - Precision: 0.9325

Epoch: 26 | Epoch Time: 5m 40s
	Train Loss: 0.8841 - Jaccard: 0.8417 - F1: 0.8995 - Recall: 0.9014 - Precision: 0.9218
	 Val. Loss: 0.9547 - Jaccard: 0.8578 - F1: 0.9138 - Recall: 0.8818 - Precision: 0.9694

Epoch: 27 | Epoch Time: 5m 48s
	Train Loss: 0.7486 - Jaccard: 0.8597 - F1: 0.9146 - Recall: 0.9141 - Precision: 0.9323
	 Val. Loss: 0.8493 - Jaccard: 0.8841 - F1: 0.9309 - Recall: 0.9397 - Precision: 0.9380

Epoch: 28 | Epoch Time: 5m 53s
	Train Loss: 0.6400 - Jaccard: 0.8723 - F1: 0.9234 - Recall: 0.9223 - Precision: 0.9388
	 Val. Loss: 0.9741 - Jaccard: 0.8890 - F1: 0.9341 - Recall: 0.9277 - Precision: 0.9566

Epoch: 29 | Epoch Time: 6m 0s
	Train Loss: 0.6106 - Jaccard: 0.8767 - F1: 0.9268 - Recall: 0.9246 - Precision: 0.9412
	 Val. Loss: 0.9621 - Jaccard: 0.8873 - F1: 0.9339 - Recall: 0.9399 - Precision: 0.9431

Epoch: 30 | Epoch Time: 5m 54s
	Train Loss: 0.5965 - Jaccard: 0.8787 - F1: 0.9287 - Recall: 0.9275 - Precision: 0.9421
	 Val. Loss: 0.8843 - Jaccard: 0.8841 - F1: 0.9325 - Recall: 0.9330 - Precision: 0.9472

Valid F1 improved from 0.9382 to 0.9383. Saving checkpoint: files/modality_wise/FocusNet/checkpoint.pth
Epoch: 31 | Epoch Time: 6m 5s
	Train Loss: 0.5724 - Jaccard: 0.8810 - F1: 0.9293 - Recall: 0.9273 - Precision: 0.9433
	 Val. Loss: 0.9056 - Jaccard: 0.8932 - F1: 0.9383 - Recall: 0.9291 - Precision: 0.9613

Epoch: 32 | Epoch Time: 5m 49s
	Train Loss: 0.6103 - Jaccard: 0.8780 - F1: 0.9275 - Recall: 0.9254 - Precision: 0.9431
	 Val. Loss: 0.8241 - Jaccard: 0.8902 - F1: 0.9362 - Recall: 0.9363 - Precision: 0.9503

Valid F1 improved from 0.9383 to 0.9394. Saving checkpoint: files/modality_wise/FocusNet/checkpoint.pth
Epoch: 33 | Epoch Time: 5m 52s
	Train Loss: 0.6715 - Jaccard: 0.8673 - F1: 0.9192 - Recall: 0.9191 - Precision: 0.9349
	 Val. Loss: 0.8265 - Jaccard: 0.8956 - F1: 0.9394 - Recall: 0.9462 - Precision: 0.9458

Epoch: 34 | Epoch Time: 5m 44s
	Train Loss: 0.5927 - Jaccard: 0.8801 - F1: 0.9291 - Recall: 0.9271 - Precision: 0.9424
	 Val. Loss: 0.7764 - Jaccard: 0.8875 - F1: 0.9340 - Recall: 0.9314 - Precision: 0.9498

Epoch: 35 | Epoch Time: 5m 53s
	Train Loss: 0.5732 - Jaccard: 0.8817 - F1: 0.9300 - Recall: 0.9280 - Precision: 0.9431
	 Val. Loss: 0.9249 - Jaccard: 0.8914 - F1: 0.9368 - Recall: 0.9349 - Precision: 0.9535

Valid F1 improved from 0.9394 to 0.9407. Saving checkpoint: files/modality_wise/FocusNet/checkpoint.pth
Epoch: 36 | Epoch Time: 5m 59s
	Train Loss: 0.5568 - Jaccard: 0.8823 - F1: 0.9305 - Recall: 0.9286 - Precision: 0.9440
	 Val. Loss: 0.8118 - Jaccard: 0.8976 - F1: 0.9407 - Recall: 0.9368 - Precision: 0.9571

Epoch: 37 | Epoch Time: 5m 32s
	Train Loss: 0.5081 - Jaccard: 0.8894 - F1: 0.9348 - Recall: 0.9322 - Precision: 0.9468
	 Val. Loss: 0.8642 - Jaccard: 0.8936 - F1: 0.9383 - Recall: 0.9381 - Precision: 0.9520

Valid F1 improved from 0.9407 to 0.9439. Saving checkpoint: files/modality_wise/FocusNet/checkpoint.pth
Epoch: 38 | Epoch Time: 5m 41s
	Train Loss: 0.5109 - Jaccard: 0.8915 - F1: 0.9370 - Recall: 0.9340 - Precision: 0.9491
	 Val. Loss: 0.7862 - Jaccard: 0.9011 - F1: 0.9439 - Recall: 0.9396 - Precision: 0.9579

Epoch: 39 | Epoch Time: 5m 48s
	Train Loss: 0.4915 - Jaccard: 0.8938 - F1: 0.9386 - Recall: 0.9362 - Precision: 0.9498
	 Val. Loss: 0.8541 - Jaccard: 0.8990 - F1: 0.9418 - Recall: 0.9434 - Precision: 0.9520

Epoch: 40 | Epoch Time: 5m 31s
	Train Loss: 0.4868 - Jaccard: 0.8947 - F1: 0.9387 - Recall: 0.9371 - Precision: 0.9495
	 Val. Loss: 0.8820 - Jaccard: 0.8873 - F1: 0.9333 - Recall: 0.9282 - Precision: 0.9557

Epoch: 41 | Epoch Time: 5m 40s
	Train Loss: 0.4668 - Jaccard: 0.8992 - F1: 0.9420 - Recall: 0.9393 - Precision: 0.9517
	 Val. Loss: 0.8832 - Jaccard: 0.8934 - F1: 0.9372 - Recall: 0.9296 - Precision: 0.9608

Epoch: 42 | Epoch Time: 5m 48s
	Train Loss: 0.4459 - Jaccard: 0.9020 - F1: 0.9443 - Recall: 0.9409 - Precision: 0.9540
	 Val. Loss: 0.8598 - Jaccard: 0.8957 - F1: 0.9390 - Recall: 0.9344 - Precision: 0.9581

Epoch: 43 | Epoch Time: 5m 40s
	Train Loss: 0.4437 - Jaccard: 0.9050 - F1: 0.9462 - Recall: 0.9440 - Precision: 0.9545
	 Val. Loss: 0.8698 - Jaccard: 0.8959 - F1: 0.9389 - Recall: 0.9365 - Precision: 0.9563

Epoch: 44 | Epoch Time: 5m 58s
	Train Loss: 0.4421 - Jaccard: 0.9036 - F1: 0.9450 - Recall: 0.9422 - Precision: 0.9553
	 Val. Loss: 0.8524 - Jaccard: 0.8971 - F1: 0.9398 - Recall: 0.9380 - Precision: 0.9560

Epoch: 45 | Epoch Time: 5m 30s
	Train Loss: 0.4339 - Jaccard: 0.9041 - F1: 0.9457 - Recall: 0.9425 - Precision: 0.9548
	 Val. Loss: 0.8954 - Jaccard: 0.8958 - F1: 0.9385 - Recall: 0.9398 - Precision: 0.9530

Epoch: 46 | Epoch Time: 5m 35s
	Train Loss: 0.4262 - Jaccard: 0.9061 - F1: 0.9466 - Recall: 0.9443 - Precision: 0.9545
	 Val. Loss: 0.8659 - Jaccard: 0.8963 - F1: 0.9391 - Recall: 0.9356 - Precision: 0.9576

Epoch: 47 | Epoch Time: 6m 1s
	Train Loss: 0.4273 - Jaccard: 0.9053 - F1: 0.9462 - Recall: 0.9426 - Precision: 0.9562
	 Val. Loss: 0.9014 - Jaccard: 0.8971 - F1: 0.9396 - Recall: 0.9385 - Precision: 0.9556

Epoch: 48 | Epoch Time: 5m 54s
	Train Loss: 0.4228 - Jaccard: 0.9058 - F1: 0.9459 - Recall: 0.9427 - Precision: 0.9554
	 Val. Loss: 0.8932 - Jaccard: 0.8969 - F1: 0.9394 - Recall: 0.9373 - Precision: 0.9566

Epoch: 49 | Epoch Time: 5m 42s
	Train Loss: 0.4346 - Jaccard: 0.9061 - F1: 0.9468 - Recall: 0.9437 - Precision: 0.9565
	 Val. Loss: 0.8942 - Jaccard: 0.8971 - F1: 0.9396 - Recall: 0.9376 - Precision: 0.9565

Epoch: 50 | Epoch Time: 5m 46s
	Train Loss: 0.4295 - Jaccard: 0.9053 - F1: 0.9462 - Recall: 0.9430 - Precision: 0.9557
	 Val. Loss: 0.8621 - Jaccard: 0.8970 - F1: 0.9395 - Recall: 0.9371 - Precision: 0.9568

Epoch: 51 | Epoch Time: 5m 35s
	Train Loss: 0.4219 - Jaccard: 0.9059 - F1: 0.9464 - Recall: 0.9430 - Precision: 0.9548
	 Val. Loss: 0.8698 - Jaccard: 0.8966 - F1: 0.9393 - Recall: 0.9358 - Precision: 0.9577

Epoch: 52 | Epoch Time: 5m 55s
	Train Loss: 0.4297 - Jaccard: 0.9069 - F1: 0.9472 - Recall: 0.9447 - Precision: 0.9562
	 Val. Loss: 0.8675 - Jaccard: 0.8967 - F1: 0.9393 - Recall: 0.9364 - Precision: 0.9572

Epoch: 53 | Epoch Time: 5m 48s
	Train Loss: 0.4242 - Jaccard: 0.9049 - F1: 0.9453 - Recall: 0.9428 - Precision: 0.9556
	 Val. Loss: 0.8737 - Jaccard: 0.8972 - F1: 0.9396 - Recall: 0.9384 - Precision: 0.9557

Epoch: 54 | Epoch Time: 5m 47s
	Train Loss: 0.4409 - Jaccard: 0.9059 - F1: 0.9463 - Recall: 0.9433 - Precision: 0.9556
	 Val. Loss: 0.8856 - Jaccard: 0.8967 - F1: 0.9393 - Recall: 0.9370 - Precision: 0.9566

Epoch: 55 | Epoch Time: 5m 56s
	Train Loss: 0.4242 - Jaccard: 0.9067 - F1: 0.9477 - Recall: 0.9442 - Precision: 0.9560
	 Val. Loss: 0.8946 - Jaccard: 0.8971 - F1: 0.9396 - Recall: 0.9377 - Precision: 0.9564

Epoch: 56 | Epoch Time: 5m 52s
	Train Loss: 0.4205 - Jaccard: 0.9065 - F1: 0.9470 - Recall: 0.9437 - Precision: 0.9561
	 Val. Loss: 0.8968 - Jaccard: 0.8974 - F1: 0.9397 - Recall: 0.9386 - Precision: 0.9558

Epoch: 57 | Epoch Time: 5m 37s
	Train Loss: 0.4245 - Jaccard: 0.9050 - F1: 0.9454 - Recall: 0.9424 - Precision: 0.9554
	 Val. Loss: 0.8774 - Jaccard: 0.8968 - F1: 0.9394 - Recall: 0.9363 - Precision: 0.9575

Epoch: 58 | Epoch Time: 5m 46s
	Train Loss: 0.4266 - Jaccard: 0.9065 - F1: 0.9470 - Recall: 0.9433 - Precision: 0.9574
	 Val. Loss: 0.8827 - Jaccard: 0.8974 - F1: 0.9397 - Recall: 0.9382 - Precision: 0.9561

Epoch: 59 | Epoch Time: 5m 37s
	Train Loss: 0.4235 - Jaccard: 0.9056 - F1: 0.9462 - Recall: 0.9430 - Precision: 0.9564
	 Val. Loss: 0.8534 - Jaccard: 0.8964 - F1: 0.9391 - Recall: 0.9354 - Precision: 0.9580

Epoch: 60 | Epoch Time: 5m 42s
	Train Loss: 0.4287 - Jaccard: 0.9063 - F1: 0.9467 - Recall: 0.9438 - Precision: 0.9555
	 Val. Loss: 0.8608 - Jaccard: 0.8967 - F1: 0.9393 - Recall: 0.9361 - Precision: 0.9575

Epoch: 61 | Epoch Time: 5m 41s
	Train Loss: 0.4241 - Jaccard: 0.9066 - F1: 0.9472 - Recall: 0.9441 - Precision: 0.9560
	 Val. Loss: 0.8811 - Jaccard: 0.8975 - F1: 0.9397 - Recall: 0.9386 - Precision: 0.9558

Epoch: 62 | Epoch Time: 5m 49s
	Train Loss: 0.4205 - Jaccard: 0.9041 - F1: 0.9448 - Recall: 0.9422 - Precision: 0.9542
	 Val. Loss: 0.9015 - Jaccard: 0.8968 - F1: 0.9394 - Recall: 0.9369 - Precision: 0.9569

Epoch: 63 | Epoch Time: 5m 52s
	Train Loss: 0.4196 - Jaccard: 0.9061 - F1: 0.9466 - Recall: 0.9433 - Precision: 0.9564
	 Val. Loss: 0.8880 - Jaccard: 0.8974 - F1: 0.9397 - Recall: 0.9384 - Precision: 0.9560

Epoch: 64 | Epoch Time: 5m 5s
	Train Loss: 0.4198 - Jaccard: 0.9070 - F1: 0.9474 - Recall: 0.9437 - Precision: 0.9576
	 Val. Loss: 0.8813 - Jaccard: 0.8974 - F1: 0.9397 - Recall: 0.9382 - Precision: 0.9561

Epoch: 65 | Epoch Time: 4m 45s
	Train Loss: 0.4299 - Jaccard: 0.9054 - F1: 0.9460 - Recall: 0.9436 - Precision: 0.9554
	 Val. Loss: 0.8939 - Jaccard: 0.8972 - F1: 0.9396 - Recall: 0.9377 - Precision: 0.9565

Epoch: 66 | Epoch Time: 5m 10s
	Train Loss: 0.4171 - Jaccard: 0.9072 - F1: 0.9475 - Recall: 0.9446 - Precision: 0.9574
	 Val. Loss: 0.8613 - Jaccard: 0.8969 - F1: 0.9394 - Recall: 0.9369 - Precision: 0.9569

Epoch: 67 | Epoch Time: 5m 0s
	Train Loss: 0.4249 - Jaccard: 0.9056 - F1: 0.9460 - Recall: 0.9427 - Precision: 0.9562
	 Val. Loss: 0.8678 - Jaccard: 0.8973 - F1: 0.9396 - Recall: 0.9381 - Precision: 0.9562

Epoch: 68 | Epoch Time: 5m 1s
	Train Loss: 0.4279 - Jaccard: 0.9052 - F1: 0.9455 - Recall: 0.9425 - Precision: 0.9560
	 Val. Loss: 0.8844 - Jaccard: 0.8976 - F1: 0.9398 - Recall: 0.9393 - Precision: 0.9553

Epoch: 69 | Epoch Time: 4m 50s
	Train Loss: 0.4116 - Jaccard: 0.9082 - F1: 0.9478 - Recall: 0.9454 - Precision: 0.9568
	 Val. Loss: 0.8699 - Jaccard: 0.8975 - F1: 0.9398 - Recall: 0.9391 - Precision: 0.9554

Epoch: 70 | Epoch Time: 5m 7s
	Train Loss: 0.4425 - Jaccard: 0.9057 - F1: 0.9465 - Recall: 0.9453 - Precision: 0.9536
	 Val. Loss: 0.8769 - Jaccard: 0.8973 - F1: 0.9396 - Recall: 0.9383 - Precision: 0.9559

Epoch: 71 | Epoch Time: 5m 12s
	Train Loss: 0.4218 - Jaccard: 0.9067 - F1: 0.9476 - Recall: 0.9450 - Precision: 0.9562
	 Val. Loss: 0.8812 - Jaccard: 0.8973 - F1: 0.9397 - Recall: 0.9382 - Precision: 0.9560

Epoch: 72 | Epoch Time: 4m 50s
	Train Loss: 0.4202 - Jaccard: 0.9053 - F1: 0.9461 - Recall: 0.9433 - Precision: 0.9558
	 Val. Loss: 0.8904 - Jaccard: 0.8973 - F1: 0.9397 - Recall: 0.9383 - Precision: 0.9559

Epoch: 73 | Epoch Time: 5m 8s
	Train Loss: 0.4223 - Jaccard: 0.9051 - F1: 0.9459 - Recall: 0.9429 - Precision: 0.9557
	 Val. Loss: 0.8911 - Jaccard: 0.8971 - F1: 0.9395 - Recall: 0.9374 - Precision: 0.9566

Epoch: 74 | Epoch Time: 4m 59s
	Train Loss: 0.4251 - Jaccard: 0.9050 - F1: 0.9455 - Recall: 0.9424 - Precision: 0.9547
	 Val. Loss: 0.8849 - Jaccard: 0.8972 - F1: 0.9396 - Recall: 0.9375 - Precision: 0.9567

Epoch: 75 | Epoch Time: 5m 10s
	Train Loss: 0.4222 - Jaccard: 0.9064 - F1: 0.9470 - Recall: 0.9435 - Precision: 0.9565
	 Val. Loss: 0.8841 - Jaccard: 0.8973 - F1: 0.9397 - Recall: 0.9384 - Precision: 0.9559

Epoch: 76 | Epoch Time: 5m 29s
	Train Loss: 0.4449 - Jaccard: 0.9049 - F1: 0.9457 - Recall: 0.9424 - Precision: 0.9549
	 Val. Loss: 0.8772 - Jaccard: 0.8973 - F1: 0.9396 - Recall: 0.9382 - Precision: 0.9561

Epoch: 77 | Epoch Time: 5m 14s
	Train Loss: 0.4298 - Jaccard: 0.9041 - F1: 0.9448 - Recall: 0.9419 - Precision: 0.9548
	 Val. Loss: 0.8679 - Jaccard: 0.8974 - F1: 0.9397 - Recall: 0.9386 - Precision: 0.9557

Epoch: 78 | Epoch Time: 5m 27s
	Train Loss: 0.4318 - Jaccard: 0.9056 - F1: 0.9461 - Recall: 0.9430 - Precision: 0.9558
	 Val. Loss: 0.8577 - Jaccard: 0.8967 - F1: 0.9393 - Recall: 0.9364 - Precision: 0.9572

Epoch: 79 | Epoch Time: 5m 10s
	Train Loss: 0.4225 - Jaccard: 0.9064 - F1: 0.9470 - Recall: 0.9433 - Precision: 0.9560
	 Val. Loss: 0.8966 - Jaccard: 0.8973 - F1: 0.9397 - Recall: 0.9381 - Precision: 0.9562

Epoch: 80 | Epoch Time: 5m 5s
	Train Loss: 0.4214 - Jaccard: 0.9071 - F1: 0.9472 - Recall: 0.9442 - Precision: 0.9563
	 Val. Loss: 0.8687 - Jaccard: 0.8967 - F1: 0.9393 - Recall: 0.9362 - Precision: 0.9574

Epoch: 81 | Epoch Time: 4m 57s
	Train Loss: 0.4198 - Jaccard: 0.9061 - F1: 0.9466 - Recall: 0.9438 - Precision: 0.9562
	 Val. Loss: 0.8732 - Jaccard: 0.8972 - F1: 0.9396 - Recall: 0.9375 - Precision: 0.9566

Epoch: 82 | Epoch Time: 4m 54s
	Train Loss: 0.4210 - Jaccard: 0.9069 - F1: 0.9475 - Recall: 0.9444 - Precision: 0.9568
	 Val. Loss: 0.8746 - Jaccard: 0.8968 - F1: 0.9394 - Recall: 0.9364 - Precision: 0.9574

Epoch: 83 | Epoch Time: 5m 8s
	Train Loss: 0.4260 - Jaccard: 0.9054 - F1: 0.9465 - Recall: 0.9433 - Precision: 0.9548
	 Val. Loss: 0.8658 - Jaccard: 0.8964 - F1: 0.9391 - Recall: 0.9351 - Precision: 0.9582

Epoch: 84 | Epoch Time: 4m 55s
	Train Loss: 0.4238 - Jaccard: 0.9061 - F1: 0.9465 - Recall: 0.9446 - Precision: 0.9550
	 Val. Loss: 0.8712 - Jaccard: 0.8967 - F1: 0.9393 - Recall: 0.9363 - Precision: 0.9573

Epoch: 85 | Epoch Time: 5m 9s
	Train Loss: 0.4216 - Jaccard: 0.9057 - F1: 0.9464 - Recall: 0.9427 - Precision: 0.9558
	 Val. Loss: 0.8817 - Jaccard: 0.8971 - F1: 0.9396 - Recall: 0.9374 - Precision: 0.9567

Epoch: 86 | Epoch Time: 5m 29s
	Train Loss: 0.4281 - Jaccard: 0.9052 - F1: 0.9460 - Recall: 0.9426 - Precision: 0.9558
	 Val. Loss: 0.8650 - Jaccard: 0.8960 - F1: 0.9389 - Recall: 0.9344 - Precision: 0.9585

Epoch: 87 | Epoch Time: 5m 44s
	Train Loss: 0.4268 - Jaccard: 0.9057 - F1: 0.9464 - Recall: 0.9444 - Precision: 0.9551
	 Val. Loss: 0.8806 - Jaccard: 0.8967 - F1: 0.9393 - Recall: 0.9363 - Precision: 0.9573

Epoch: 88 | Epoch Time: 5m 53s
	Train Loss: 0.4241 - Jaccard: 0.9071 - F1: 0.9475 - Recall: 0.9444 - Precision: 0.9565
	 Val. Loss: 0.8622 - Jaccard: 0.8969 - F1: 0.9394 - Recall: 0.9368 - Precision: 0.9570

Early stopping: validation loss stops improving from last 50 continously.
